<?xml version="1.0" encoding="UTF-8"?>
<!-- Generated by org.testng.reporters.JUnitXMLReporter -->
<testsuite ignored="0" hostname="uatcoukuksbast1" failures="2" tests="24" name="Default test" time="242.117" errors="0" timestamp="2025-09-09T19:40:18 BST">
  <testcase classname="io.cucumber.testng.AbstractTestNGCucumberTests" name="runScenario" time="33.546">
    <failure type="java.lang.AssertionError" message="Web Element is not clicked in a given time">
      <![CDATA[java.lang.AssertionError: Web Element is not clicked in a given time
at org.testng.Assert.fail(Assert.java:99)
at utils.SeleniumDriver.waitForElementClickable(SeleniumDriver.java:208)
at Help_Feature_Steps.HelpSteps.i_am_on_a_aldermore_home_page(HelpSteps.java:28)
at ✽.I am on a Aldermore home page(file:///G:/TRG/Website-Test-Automation-couk_Automation_Handover/Website-Test-Automation-couk_Automation_Handover2/src/test/resources/Help_FeatureFiles/Help.feature:6)
]]>
    </failure>
  </testcase> <!-- runScenario -->
  <testcase classname="io.cucumber.testng.AbstractTestNGCucumberTests" name="runScenario" time="3.941"/>
  <testcase classname="io.cucumber.testng.AbstractTestNGCucumberTests" name="runScenario" time="3.648"/>
  <testcase classname="io.cucumber.testng.AbstractTestNGCucumberTests" name="runScenario" time="3.347"/>
  <testcase classname="io.cucumber.testng.AbstractTestNGCucumberTests" name="runScenario" time="3.43"/>
  <testcase classname="io.cucumber.testng.AbstractTestNGCucumberTests" name="runScenario" time="3.556"/>
  <testcase classname="io.cucumber.testng.AbstractTestNGCucumberTests" name="runScenario" time="3.385"/>
  <testcase classname="io.cucumber.testng.AbstractTestNGCucumberTests" name="runScenario" time="3.348"/>
  <testcase classname="io.cucumber.testng.AbstractTestNGCucumberTests" name="runScenario" time="3.483"/>
  <testcase classname="io.cucumber.testng.AbstractTestNGCucumberTests" name="runScenario" time="15.71"/>
  <testcase classname="io.cucumber.testng.AbstractTestNGCucumberTests" name="runScenario" time="15.602"/>
  <testcase classname="io.cucumber.testng.AbstractTestNGCucumberTests" name="runScenario" time="15.809"/>
  <testcase classname="io.cucumber.testng.AbstractTestNGCucumberTests" name="runScenario" time="3.452">
    <failure type="java.lang.IllegalArgumentException" message="Invalid value: Business Finance Solutions">
      <![CDATA[java.lang.IllegalArgumentException: Invalid value: Business Finance Solutions
at pages.actions.HelpActions.getPageTitle(HelpActions.java:86)
at Help_Feature_Steps.HelpSteps.i_should_be_able_to_click_on_this_cardlink_and_redirected_to_the_page(HelpSteps.java:63)
at ✽.I should be able to click on this "Business finance help" cardlink and redirected to the "Business Finance Solutions" page(file:///G:/TRG/Website-Test-Automation-couk_Automation_Handover/Website-Test-Automation-couk_Automation_Handover2/src/test/resources/Help_FeatureFiles/Help.feature:34)
]]>
    </failure>
  </testcase> <!-- runScenario -->
  <testcase classname="io.cucumber.testng.AbstractTestNGCucumberTests" name="runScenario" time="15.609"/>
  <testcase classname="io.cucumber.testng.AbstractTestNGCucumberTests" name="runScenario" time="15.937"/>
  <testcase classname="io.cucumber.testng.AbstractTestNGCucumberTests" name="runScenario" time="15.693"/>
  <testcase classname="io.cucumber.testng.AbstractTestNGCucumberTests" name="runScenario" time="15.637"/>
  <testcase classname="io.cucumber.testng.AbstractTestNGCucumberTests" name="runScenario" time="3.478"/>
  <testcase classname="io.cucumber.testng.AbstractTestNGCucumberTests" name="runScenario" time="3.379"/>
  <testcase classname="io.cucumber.testng.AbstractTestNGCucumberTests" name="runScenario" time="3.308"/>
  <testcase classname="io.cucumber.testng.AbstractTestNGCucumberTests" name="runScenario" time="15.656"/>
  <testcase classname="io.cucumber.testng.AbstractTestNGCucumberTests" name="runScenario" time="16.03"/>
  <testcase classname="io.cucumber.testng.AbstractTestNGCucumberTests" name="runScenario" time="3.624"/>
  <testcase classname="io.cucumber.testng.AbstractTestNGCucumberTests" name="runScenario" time="15.51"/>
</testsuite> <!-- Default test -->
