<html>
<head>
<title>TestNG:  Regression</title>
<link href="../testng.css" rel="stylesheet" type="text/css" />
<link href="../my-testng.css" rel="stylesheet" type="text/css" />

<style type="text/css">
.log { display: none;} 
.stack-trace { display: none;} 
</style>
<script type="text/javascript">
<!--
function flip(e) {
  current = e.style.display;
  if (current == 'block') {
    e.style.display = 'none';
    return 0;
  }
  else {
    e.style.display = 'block';
    return 1;
  }
}

function toggleBox(szDivId, elem, msg1, msg2)
{
  var res = -1;  if (document.getElementById) {
    res = flip(document.getElementById(szDivId));
  }
  else if (document.all) {
    // this is the way old msie versions work
    res = flip(document.all[szDivId]);
  }
  if(elem) {
    if(res == 0) elem.innerHTML = msg1; else elem.innerHTML = msg2;
  }

}

function toggleAllBoxes() {
  if (document.getElementsByTagName) {
    d = document.getElementsByTagName('div');
    for (i = 0; i < d.length; i++) {
      if (d[i].className == 'log') {
        flip(d[i]);
      }
    }
  }
}

// -->
</script>

</head>
<body>
<h2 align='center'>Regression</h2><table border='1' align="center">
<tr>
<td>Tests passed/Failed/Skipped:</td><td>69/2/0</td>
</tr><tr>
<td>Started on:</td><td>Tue Sep 09 08:23:34 BST 2025</td>
</tr>
<tr><td>Total time:</td><td>1082 seconds (1082449 ms)</td>
</tr><tr>
<td>Included groups:</td><td></td>
</tr><tr>
<td>Excluded groups:</td><td></td>
</tr>
</table><p/>
<small><i>(Hover the method name to see the test class name)</i></small><p/>
<table width='100%' border='1' class='invocation-failed'>
<tr><td colspan='4' align='center'><b>FAILED TESTS</b></td></tr>
<tr><td><b>Test method</b></td>
<td width="30%"><b>Exception</b></td>
<td width="10%"><b>Time (seconds)</b></td>
<td><b>Instance</b></td>
</tr>
<tr>
<td title='runners.TestRunner.runScenario()'><b>runScenario</b><br>Test class: runners.TestRunner<br>Test method: Runs Cucumber Scenarios<br>Parameters: "Verify the FSCS on the footer page", "Optional[Aldermore Homepage]"</td>
<td><div><pre>java.lang.AssertionError: Web Element is not clicked in a given time
	at utils.SeleniumDriver.waitForElementClickable(SeleniumDriver.java:208)
	at HomePage_Steps.AldermoreHomePageFooterPageSteps.i_see_aldermore_homepage(AldermoreHomePageFooterPageSteps.java:18)
	at ?.I see Aldermore page(file:///G:/TRG/Website-Test-Automation-couk_Automation_Handover/Website-Test-Automation-couk_Automation_Handover2/src/test/resources/HomePage_FeatureFiles/AldermoreHomePageFooter.feature:82)
... Removed 1 stack frames</pre></div><a href='#' onClick='toggleBox("stack-trace660626311", this, "Click to show all stack frames", "Click to hide stack frames")'>Click to show all stack frames</a>
<div class='stack-trace' id='stack-trace660626311'><pre>java.lang.AssertionError: Web Element is not clicked in a given time
	at org.testng.Assert.fail(Assert.java:99)
	at utils.SeleniumDriver.waitForElementClickable(SeleniumDriver.java:208)
	at HomePage_Steps.AldermoreHomePageFooterPageSteps.i_see_aldermore_homepage(AldermoreHomePageFooterPageSteps.java:18)
	at ?.I see Aldermore page(file:///G:/TRG/Website-Test-Automation-couk_Automation_Handover/Website-Test-Automation-couk_Automation_Handover2/src/test/resources/HomePage_FeatureFiles/AldermoreHomePageFooter.feature:82)
</pre></div></td>
<td>33</td>
<td>runners.TestRunner@2e8c1c9b</td></tr>
<tr>
<td title='runners.TestRunner.runScenario()'><b>runScenario</b><br>Test class: runners.TestRunner<br>Test method: Runs Cucumber Scenarios<br>Parameters: "Verify the Masthead Homepage contents", "Optional[Aldermore Homepage]"</td>
<td><div><pre>org.openqa.selenium.InvalidSelectorException: invalid selector: Unable to locate an element with the xpath expression //*[contains(@class,&apos;masthead&apos;)]//h1] because of the following error:
SyntaxError: Failed to execute &apos;evaluate&apos; on &apos;Document&apos;: The string &apos;//*[contains(@class,&apos;masthead&apos;)]//h1]&apos; is not a valid XPath expression.
  (Session info: chrome=118.0.5993.70)
For documentation on this error, please visit: https://www.selenium.dev/documentation/webdriver/troubleshooting/errors#invalid-selector-exception
Build info: version: &apos;4.11.0&apos;, revision: &apos;040bc5406b&apos;
System info: os.name: &apos;Windows Server 2019&apos;, os.arch: &apos;amd64&apos;, os.version: &apos;10.0&apos;, java.version: &apos;17.0.1&apos;
Driver info: org.openqa.selenium.chrome.ChromeDriver
Command: [81d356ac29498571f18921f8c3c22206, findElement {using=xpath, value=//*[contains(@class,&apos;masthead&apos;)]//h1]}]
Capabilities {acceptInsecureCerts: false, browserName: chrome, browserVersion: 118.0.5993.70, chrome: {chromedriverVersion: 118.0.5993.70 (e52f33f30b91..., userDataDir: C:\Users\TRUPTI~1.GUM\AppDa...}, fedcm:accounts: true, goog:chromeOptions: {debuggerAddress: localhost:49767}, networkConnectionEnabled: false, pageLoadStrategy: normal, platformName: windows, proxy: Proxy(), se:cdp: ws://localhost:49767/devtoo..., se:cdpVersion: 118.0.5993.70, setWindowRect: true, strictFileInteractability: false, timeouts: {implicit: 0, pageLoad: 300000, script: 30000}, unhandledPromptBehavior: dismiss and notify, webauthn:extension:credBlob: true, webauthn:extension:largeBlob: true, webauthn:extension:minPinLength: true, webauthn:extension:prf: true, webauthn:virtualAuthenticators: true}
Session ID: 81d356ac29498571f18921f8c3c22206
	at org.openqa.selenium.remote.codec.w3c.W3CHttpResponseCodec.createException(W3CHttpResponseCodec.java:200)
	at org.openqa.selenium.remote.codec.w3c.W3CHttpResponseCodec.decode(W3CHttpResponseCodec.java:133)
	at org.openqa.selenium.remote.codec.w3c.W3CHttpResponseCodec.decode(W3CHttpResponseCodec.java:52)
	at org.openqa.selenium.remote.HttpCommandExecutor.execute(HttpCommandExecutor.java:191)
	at org.openqa.selenium.remote.service.DriverCommandExecutor.invokeExecute(DriverCommandExecutor.java:196)
	at org.openqa.selenium.remote.service.DriverCommandExecutor.execute(DriverCommandExecutor.java:171)
	at org.openqa.selenium.remote.RemoteWebDriver.execute(RemoteWebDriver.java:518)
	at org.openqa.selenium.remote.ElementLocation$ElementFinder$2.findElement(ElementLocation.java:165)
	at org.openqa.selenium.remote.ElementLocation.findElement(ElementLocation.java:59)
	at org.openqa.selenium.remote.RemoteWebDriver.findElement(RemoteWebDriver.java:355)
	at org.openqa.selenium.remote.RemoteWebDriver.findElement(RemoteWebDriver.java:349)
	at org.openqa.selenium.support.pagefactory.DefaultElementLocator.findElement(DefaultElementLocator.java:68)
	at org.openqa.selenium.support.pagefactory.internal.LocatingElementHandler.invoke(LocatingElementHandler.java:38)
	at jdk.proxy2/jdk.proxy2.$Proxy29.getText(Unknown Source)
	at pages.actions.AldermorePageActions.getmastheadHomepageHeaderText(AldermorePageActions.java:73)
	at steps.AldermorePageSteps.i_should_see_the_as_header_for_the_masthead_homepage(AldermorePageSteps.java:43)
	at ?.I should see the &quot;Backing you to achieve more&quot; as header for the Masthead homepage(file:///G:/TRG/Website-Test-Automation-couk_Automation_Handover/Website-Test-Automation-couk_Automation_Handover2/src/test/resources/HomePage_FeatureFiles/AldermoreHomepage.feature:11)
... Removed 5 stack frames</pre></div><a href='#' onClick='toggleBox("stack-trace275701220", this, "Click to show all stack frames", "Click to hide stack frames")'>Click to show all stack frames</a>
<div class='stack-trace' id='stack-trace275701220'><pre>org.openqa.selenium.InvalidSelectorException: invalid selector: Unable to locate an element with the xpath expression //*[contains(@class,&apos;masthead&apos;)]//h1] because of the following error:
SyntaxError: Failed to execute &apos;evaluate&apos; on &apos;Document&apos;: The string &apos;//*[contains(@class,&apos;masthead&apos;)]//h1]&apos; is not a valid XPath expression.
  (Session info: chrome=118.0.5993.70)
For documentation on this error, please visit: https://www.selenium.dev/documentation/webdriver/troubleshooting/errors#invalid-selector-exception
Build info: version: &apos;4.11.0&apos;, revision: &apos;040bc5406b&apos;
System info: os.name: &apos;Windows Server 2019&apos;, os.arch: &apos;amd64&apos;, os.version: &apos;10.0&apos;, java.version: &apos;17.0.1&apos;
Driver info: org.openqa.selenium.chrome.ChromeDriver
Command: [81d356ac29498571f18921f8c3c22206, findElement {using=xpath, value=//*[contains(@class,&apos;masthead&apos;)]//h1]}]
Capabilities {acceptInsecureCerts: false, browserName: chrome, browserVersion: 118.0.5993.70, chrome: {chromedriverVersion: 118.0.5993.70 (e52f33f30b91..., userDataDir: C:\Users\TRUPTI~1.GUM\AppDa...}, fedcm:accounts: true, goog:chromeOptions: {debuggerAddress: localhost:49767}, networkConnectionEnabled: false, pageLoadStrategy: normal, platformName: windows, proxy: Proxy(), se:cdp: ws://localhost:49767/devtoo..., se:cdpVersion: 118.0.5993.70, setWindowRect: true, strictFileInteractability: false, timeouts: {implicit: 0, pageLoad: 300000, script: 30000}, unhandledPromptBehavior: dismiss and notify, webauthn:extension:credBlob: true, webauthn:extension:largeBlob: true, webauthn:extension:minPinLength: true, webauthn:extension:prf: true, webauthn:virtualAuthenticators: true}
Session ID: 81d356ac29498571f18921f8c3c22206
	at java.base/jdk.internal.reflect.NativeConstructorAccessorImpl.newInstance0(Native Method)
	at java.base/jdk.internal.reflect.NativeConstructorAccessorImpl.newInstance(NativeConstructorAccessorImpl.java:77)
	at java.base/jdk.internal.reflect.DelegatingConstructorAccessorImpl.newInstance(DelegatingConstructorAccessorImpl.java:45)
	at java.base/java.lang.reflect.Constructor.newInstanceWithCaller(Constructor.java:499)
	at java.base/java.lang.reflect.Constructor.newInstance(Constructor.java:480)
	at org.openqa.selenium.remote.codec.w3c.W3CHttpResponseCodec.createException(W3CHttpResponseCodec.java:200)
	at org.openqa.selenium.remote.codec.w3c.W3CHttpResponseCodec.decode(W3CHttpResponseCodec.java:133)
	at org.openqa.selenium.remote.codec.w3c.W3CHttpResponseCodec.decode(W3CHttpResponseCodec.java:52)
	at org.openqa.selenium.remote.HttpCommandExecutor.execute(HttpCommandExecutor.java:191)
	at org.openqa.selenium.remote.service.DriverCommandExecutor.invokeExecute(DriverCommandExecutor.java:196)
	at org.openqa.selenium.remote.service.DriverCommandExecutor.execute(DriverCommandExecutor.java:171)
	at org.openqa.selenium.remote.RemoteWebDriver.execute(RemoteWebDriver.java:518)
	at org.openqa.selenium.remote.ElementLocation$ElementFinder$2.findElement(ElementLocation.java:165)
	at org.openqa.selenium.remote.ElementLocation.findElement(ElementLocation.java:59)
	at org.openqa.selenium.remote.RemoteWebDriver.findElement(RemoteWebDriver.java:355)
	at org.openqa.selenium.remote.RemoteWebDriver.findElement(RemoteWebDriver.java:349)
	at org.openqa.selenium.support.pagefactory.DefaultElementLocator.findElement(DefaultElementLocator.java:68)
	at org.openqa.selenium.support.pagefactory.internal.LocatingElementHandler.invoke(LocatingElementHandler.java:38)
	at jdk.proxy2/jdk.proxy2.$Proxy29.getText(Unknown Source)
	at pages.actions.AldermorePageActions.getmastheadHomepageHeaderText(AldermorePageActions.java:73)
	at steps.AldermorePageSteps.i_should_see_the_as_header_for_the_masthead_homepage(AldermorePageSteps.java:43)
	at ?.I should see the &quot;Backing you to achieve more&quot; as header for the Masthead homepage(file:///G:/TRG/Website-Test-Automation-couk_Automation_Handover/Website-Test-Automation-couk_Automation_Handover2/src/test/resources/HomePage_FeatureFiles/AldermoreHomepage.feature:11)
</pre></div></td>
<td>2</td>
<td>runners.TestRunner@2e8c1c9b</td></tr>
</table><p>
<table width='100%' border='1' class='invocation-passed'>
<tr><td colspan='4' align='center'><b>PASSED TESTS</b></td></tr>
<tr><td><b>Test method</b></td>
<td width="30%"><b>Exception</b></td>
<td width="10%"><b>Time (seconds)</b></td>
<td><b>Instance</b></td>
</tr>
<tr>
<td title='runners.TestRunner.runScenario()'><b>runScenario</b><br>Test class: runners.TestRunner<br>Test method: Runs Cucumber Scenarios<br>Parameters: "Validate each link under "Mortgages" tab", "Optional[Verify homepage tabs and their links are working]"</td>
<td></td>
<td>18</td>
<td>runners.TestRunner@2e8c1c9b</td></tr>
<tr>
<td title='runners.TestRunner.runScenario()'><b>runScenario</b><br>Test class: runners.TestRunner<br>Test method: Runs Cucumber Scenarios<br>Parameters: "Validate each link under "Motor Finance" tab", "Optional[Verify homepage tabs and their links are working]"</td>
<td></td>
<td>18</td>
<td>runners.TestRunner@2e8c1c9b</td></tr>
<tr>
<td title='runners.TestRunner.runScenario()'><b>runScenario</b><br>Test class: runners.TestRunner<br>Test method: Runs Cucumber Scenarios<br>Parameters: "Verify the Help and support Options Menu Pages", "Optional[Aldermore Homepage]"</td>
<td></td>
<td>14</td>
<td>runners.TestRunner@2e8c1c9b</td></tr>
<tr>
<td title='runners.TestRunner.runScenario()'><b>runScenario</b><br>Test class: runners.TestRunner<br>Test method: Runs Cucumber Scenarios<br>Parameters: "Validate each link under "Savings" tab", "Optional[Verify homepage tabs and their links are working]"</td>
<td></td>
<td>18</td>
<td>runners.TestRunner@2e8c1c9b</td></tr>
<tr>
<td title='runners.TestRunner.runScenario()'><b>runScenario</b><br>Test class: runners.TestRunner<br>Test method: Runs Cucumber Scenarios<br>Parameters: "Verify Savings Block Header and button", "Optional[Aldermore Homepage]"</td>
<td></td>
<td>3</td>
<td>runners.TestRunner@2e8c1c9b</td></tr>
<tr>
<td title='runners.TestRunner.runScenario()'><b>runScenario</b><br>Test class: runners.TestRunner<br>Test method: Runs Cucumber Scenarios<br>Parameters: "Verify the About us Options Menu Pages", "Optional[Aldermore Homepage]"</td>
<td></td>
<td>16</td>
<td>runners.TestRunner@2e8c1c9b</td></tr>
<tr>
<td title='runners.TestRunner.runScenario()'><b>runScenario</b><br>Test class: runners.TestRunner<br>Test method: Runs Cucumber Scenarios<br>Parameters: "Verify the unique selling points contents", "Optional[Aldermore Homepage]"</td>
<td></td>
<td>2</td>
<td>runners.TestRunner@2e8c1c9b</td></tr>
<tr>
<td title='runners.TestRunner.runScenario()'><b>runScenario</b><br>Test class: runners.TestRunner<br>Test method: Runs Cucumber Scenarios<br>Parameters: "Verify Mortgages Block Header and button", "Optional[Aldermore Homepage]"</td>
<td></td>
<td>3</td>
<td>runners.TestRunner@2e8c1c9b</td></tr>
<tr>
<td title='runners.TestRunner.runScenario()'><b>runScenario</b><br>Test class: runners.TestRunner<br>Test method: Runs Cucumber Scenarios<br>Parameters: "Verify the About us Options Menu Pages", "Optional[Aldermore Homepage]"</td>
<td></td>
<td>14</td>
<td>runners.TestRunner@2e8c1c9b</td></tr>
<tr>
<td title='runners.TestRunner.runScenario()'><b>runScenario</b><br>Test class: runners.TestRunner<br>Test method: Runs Cucumber Scenarios<br>Parameters: "Verify the unique selling points contents", "Optional[Aldermore Homepage]"</td>
<td></td>
<td>1</td>
<td>runners.TestRunner@2e8c1c9b</td></tr>
<tr>
<td title='runners.TestRunner.runScenario()'><b>runScenario</b><br>Test class: runners.TestRunner<br>Test method: Runs Cucumber Scenarios<br>Parameters: "Validate each link under "Business Finance" tab", "Optional[Verify homepage tabs and their links are working]"</td>
<td></td>
<td>18</td>
<td>runners.TestRunner@2e8c1c9b</td></tr>
<tr>
<td title='runners.TestRunner.runScenario()'><b>runScenario</b><br>Test class: runners.TestRunner<br>Test method: Runs Cucumber Scenarios<br>Parameters: "Validate each link under "Mortgages" tab", "Optional[Verify homepage tabs and their links are working]"</td>
<td></td>
<td>18</td>
<td>runners.TestRunner@2e8c1c9b</td></tr>
<tr>
<td title='runners.TestRunner.runScenario()'><b>runScenario</b><br>Test class: runners.TestRunner<br>Test method: Runs Cucumber Scenarios<br>Parameters: "Verify the Card header on the footer page", "Optional[Aldermore Homepage]"</td>
<td></td>
<td>14</td>
<td>runners.TestRunner@2e8c1c9b</td></tr>
<tr>
<td title='runners.TestRunner.runScenario()'><b>runScenario</b><br>Test class: runners.TestRunner<br>Test method: Runs Cucumber Scenarios<br>Parameters: "Validate each link under "Mortgages" tab", "Optional[Verify homepage tabs and their links are working]"</td>
<td></td>
<td>18</td>
<td>runners.TestRunner@2e8c1c9b</td></tr>
<tr>
<td title='runners.TestRunner.runScenario()'><b>runScenario</b><br>Test class: runners.TestRunner<br>Test method: Runs Cucumber Scenarios<br>Parameters: "Validate each link under "Savings" tab", "Optional[Verify homepage tabs and their links are working]"</td>
<td></td>
<td>18</td>
<td>runners.TestRunner@2e8c1c9b</td></tr>
<tr>
<td title='runners.TestRunner.runScenario()'><b>runScenario</b><br>Test class: runners.TestRunner<br>Test method: Runs Cucumber Scenarios<br>Parameters: "Validate each link under "Mortgages" tab", "Optional[Verify homepage tabs and their links are working]"</td>
<td></td>
<td>18</td>
<td>runners.TestRunner@2e8c1c9b</td></tr>
<tr>
<td title='runners.TestRunner.runScenario()'><b>runScenario</b><br>Test class: runners.TestRunner<br>Test method: Runs Cucumber Scenarios<br>Parameters: "Validate each link under "Mortgages" tab", "Optional[Verify homepage tabs and their links are working]"</td>
<td></td>
<td>17</td>
<td>runners.TestRunner@2e8c1c9b</td></tr>
<tr>
<td title='runners.TestRunner.runScenario()'><b>runScenario</b><br>Test class: runners.TestRunner<br>Test method: Runs Cucumber Scenarios<br>Parameters: "Verify the About us Options Menu Pages", "Optional[Aldermore Homepage]"</td>
<td></td>
<td>14</td>
<td>runners.TestRunner@2e8c1c9b</td></tr>
<tr>
<td title='runners.TestRunner.runScenario()'><b>runScenario</b><br>Test class: runners.TestRunner<br>Test method: Runs Cucumber Scenarios<br>Parameters: "Validate each link under "Savings" tab", "Optional[Verify homepage tabs and their links are working]"</td>
<td></td>
<td>18</td>
<td>runners.TestRunner@2e8c1c9b</td></tr>
<tr>
<td title='runners.TestRunner.runScenario()'><b>runScenario</b><br>Test class: runners.TestRunner<br>Test method: Runs Cucumber Scenarios<br>Parameters: "Validate each link under "Business Finance" tab", "Optional[Verify homepage tabs and their links are working]"</td>
<td></td>
<td>18</td>
<td>runners.TestRunner@2e8c1c9b</td></tr>
<tr>
<td title='runners.TestRunner.runScenario()'><b>runScenario</b><br>Test class: runners.TestRunner<br>Test method: Runs Cucumber Scenarios<br>Parameters: "Validate each link under "Mortgages" tab", "Optional[Verify homepage tabs and their links are working]"</td>
<td></td>
<td>18</td>
<td>runners.TestRunner@2e8c1c9b</td></tr>
<tr>
<td title='runners.TestRunner.runScenario()'><b>runScenario</b><br>Test class: runners.TestRunner<br>Test method: Runs Cucumber Scenarios<br>Parameters: "Verify the About us Options Menu Pages", "Optional[Aldermore Homepage]"</td>
<td></td>
<td>15</td>
<td>runners.TestRunner@2e8c1c9b</td></tr>
<tr>
<td title='runners.TestRunner.runScenario()'><b>runScenario</b><br>Test class: runners.TestRunner<br>Test method: Runs Cucumber Scenarios<br>Parameters: "Verify Intermediaries Banner  Header and link", "Optional[Aldermore Homepage]"</td>
<td></td>
<td>2</td>
<td>runners.TestRunner@2e8c1c9b</td></tr>
<tr>
<td title='runners.TestRunner.runScenario()'><b>runScenario</b><br>Test class: runners.TestRunner<br>Test method: Runs Cucumber Scenarios<br>Parameters: "Verify the About us Options Menu Pages", "Optional[Aldermore Homepage]"</td>
<td></td>
<td>14</td>
<td>runners.TestRunner@2e8c1c9b</td></tr>
<tr>
<td title='runners.TestRunner.runScenario()'><b>runScenario</b><br>Test class: runners.TestRunner<br>Test method: Runs Cucumber Scenarios<br>Parameters: "Validate each link under "Savings" tab", "Optional[Verify homepage tabs and their links are working]"</td>
<td></td>
<td>18</td>
<td>runners.TestRunner@2e8c1c9b</td></tr>
<tr>
<td title='runners.TestRunner.runScenario()'><b>runScenario</b><br>Test class: runners.TestRunner<br>Test method: Runs Cucumber Scenarios<br>Parameters: "Verify the About us Options Menu Pages", "Optional[Aldermore Homepage]"</td>
<td></td>
<td>14</td>
<td>runners.TestRunner@2e8c1c9b</td></tr>
<tr>
<td title='runners.TestRunner.runScenario()'><b>runScenario</b><br>Test class: runners.TestRunner<br>Test method: Runs Cucumber Scenarios<br>Parameters: "Verify the Connect with us on the footer page", "Optional[Aldermore Homepage]"</td>
<td></td>
<td>4</td>
<td>runners.TestRunner@2e8c1c9b</td></tr>
<tr>
<td title='runners.TestRunner.runScenario()'><b>runScenario</b><br>Test class: runners.TestRunner<br>Test method: Runs Cucumber Scenarios<br>Parameters: "Validate each link under "Business Finance" tab", "Optional[Verify homepage tabs and their links are working]"</td>
<td></td>
<td>18</td>
<td>runners.TestRunner@2e8c1c9b</td></tr>
<tr>
<td title='runners.TestRunner.runScenario()'><b>runScenario</b><br>Test class: runners.TestRunner<br>Test method: Runs Cucumber Scenarios<br>Parameters: "Verify the Connect with us on the footer page", "Optional[Aldermore Homepage]"</td>
<td></td>
<td>9</td>
<td>runners.TestRunner@2e8c1c9b</td></tr>
<tr>
<td title='runners.TestRunner.runScenario()'><b>runScenario</b><br>Test class: runners.TestRunner<br>Test method: Runs Cucumber Scenarios<br>Parameters: "Verify the Help and support Options Menu Pages", "Optional[Aldermore Homepage]"</td>
<td></td>
<td>14</td>
<td>runners.TestRunner@2e8c1c9b</td></tr>
<tr>
<td title='runners.TestRunner.runScenario()'><b>runScenario</b><br>Test class: runners.TestRunner<br>Test method: Runs Cucumber Scenarios<br>Parameters: "Verify Business finance Header and button", "Optional[Aldermore Homepage]"</td>
<td></td>
<td>3</td>
<td>runners.TestRunner@2e8c1c9b</td></tr>
<tr>
<td title='runners.TestRunner.runScenario()'><b>runScenario</b><br>Test class: runners.TestRunner<br>Test method: Runs Cucumber Scenarios<br>Parameters: "Validate each link under "Savings" tab", "Optional[Verify homepage tabs and their links are working]"</td>
<td></td>
<td>18</td>
<td>runners.TestRunner@2e8c1c9b</td></tr>
<tr>
<td title='runners.TestRunner.runScenario()'><b>runScenario</b><br>Test class: runners.TestRunner<br>Test method: Runs Cucumber Scenarios<br>Parameters: "Validate each link under "Savings" tab", "Optional[Verify homepage tabs and their links are working]"</td>
<td></td>
<td>18</td>
<td>runners.TestRunner@2e8c1c9b</td></tr>
<tr>
<td title='runners.TestRunner.runScenario()'><b>runScenario</b><br>Test class: runners.TestRunner<br>Test method: Runs Cucumber Scenarios<br>Parameters: "Validate each link under "Business Finance" tab", "Optional[Verify homepage tabs and their links are working]"</td>
<td></td>
<td>18</td>
<td>runners.TestRunner@2e8c1c9b</td></tr>
<tr>
<td title='runners.TestRunner.runScenario()'><b>runScenario</b><br>Test class: runners.TestRunner<br>Test method: Runs Cucumber Scenarios<br>Parameters: "Verify the unique selling points contents", "Optional[Aldermore Homepage]"</td>
<td></td>
<td>2</td>
<td>runners.TestRunner@2e8c1c9b</td></tr>
<tr>
<td title='runners.TestRunner.runScenario()'><b>runScenario</b><br>Test class: runners.TestRunner<br>Test method: Runs Cucumber Scenarios<br>Parameters: "Verify the Accounts and products Options Menu Pages", "Optional[Aldermore Homepage]"</td>
<td></td>
<td>14</td>
<td>runners.TestRunner@2e8c1c9b</td></tr>
<tr>
<td title='runners.TestRunner.runScenario()'><b>runScenario</b><br>Test class: runners.TestRunner<br>Test method: Runs Cucumber Scenarios<br>Parameters: "Verify the Connect with us on the footer page", "Optional[Aldermore Homepage]"</td>
<td></td>
<td>8</td>
<td>runners.TestRunner@2e8c1c9b</td></tr>
<tr>
<td title='runners.TestRunner.runScenario()'><b>runScenario</b><br>Test class: runners.TestRunner<br>Test method: Runs Cucumber Scenarios<br>Parameters: "Validate each link under "Savings" tab", "Optional[Verify homepage tabs and their links are working]"</td>
<td></td>
<td>18</td>
<td>runners.TestRunner@2e8c1c9b</td></tr>
<tr>
<td title='runners.TestRunner.runScenario()'><b>runScenario</b><br>Test class: runners.TestRunner<br>Test method: Runs Cucumber Scenarios<br>Parameters: "Verify the Help and support Options Menu Pages", "Optional[Aldermore Homepage]"</td>
<td></td>
<td>14</td>
<td>runners.TestRunner@2e8c1c9b</td></tr>
<tr>
<td title='runners.TestRunner.runScenario()'><b>runScenario</b><br>Test class: runners.TestRunner<br>Test method: Runs Cucumber Scenarios<br>Parameters: "Verify the About us Options Menu Pages", "Optional[Aldermore Homepage]"</td>
<td></td>
<td>14</td>
<td>runners.TestRunner@2e8c1c9b</td></tr>
<tr>
<td title='runners.TestRunner.runScenario()'><b>runScenario</b><br>Test class: runners.TestRunner<br>Test method: Runs Cucumber Scenarios<br>Parameters: "Verify the Help and support Options Menu Pages", "Optional[Aldermore Homepage]"</td>
<td></td>
<td>14</td>
<td>runners.TestRunner@2e8c1c9b</td></tr>
<tr>
<td title='runners.TestRunner.runScenario()'><b>runScenario</b><br>Test class: runners.TestRunner<br>Test method: Runs Cucumber Scenarios<br>Parameters: "Validate each link under "Mortgages" tab", "Optional[Verify homepage tabs and their links are working]"</td>
<td></td>
<td>18</td>
<td>runners.TestRunner@2e8c1c9b</td></tr>
<tr>
<td title='runners.TestRunner.runScenario()'><b>runScenario</b><br>Test class: runners.TestRunner<br>Test method: Runs Cucumber Scenarios<br>Parameters: "Validate each link under "Motor Finance" tab", "Optional[Verify homepage tabs and their links are working]"</td>
<td></td>
<td>17</td>
<td>runners.TestRunner@2e8c1c9b</td></tr>
<tr>
<td title='runners.TestRunner.runScenario()'><b>runScenario</b><br>Test class: runners.TestRunner<br>Test method: Runs Cucumber Scenarios<br>Parameters: "Verify the Help and support Options Menu Pages", "Optional[Aldermore Homepage]"</td>
<td></td>
<td>14</td>
<td>runners.TestRunner@2e8c1c9b</td></tr>
<tr>
<td title='runners.TestRunner.runScenario()'><b>runScenario</b><br>Test class: runners.TestRunner<br>Test method: Runs Cucumber Scenarios<br>Parameters: "Verify the Accounts and products Options Menu Pages", "Optional[Aldermore Homepage]"</td>
<td></td>
<td>15</td>
<td>runners.TestRunner@2e8c1c9b</td></tr>
<tr>
<td title='runners.TestRunner.runScenario()'><b>runScenario</b><br>Test class: runners.TestRunner<br>Test method: Runs Cucumber Scenarios<br>Parameters: "Verify the footer logo", "Optional[Aldermore Homepage]"</td>
<td></td>
<td>15</td>
<td>runners.TestRunner@2e8c1c9b</td></tr>
<tr>
<td title='runners.TestRunner.runScenario()'><b>runScenario</b><br>Test class: runners.TestRunner<br>Test method: Runs Cucumber Scenarios<br>Parameters: "Validate each link under "Mortgages" tab", "Optional[Verify homepage tabs and their links are working]"</td>
<td></td>
<td>18</td>
<td>runners.TestRunner@2e8c1c9b</td></tr>
<tr>
<td title='runners.TestRunner.runScenario()'><b>runScenario</b><br>Test class: runners.TestRunner<br>Test method: Runs Cucumber Scenarios<br>Parameters: "Validate each link under "Business Finance" tab", "Optional[Verify homepage tabs and their links are working]"</td>
<td></td>
<td>18</td>
<td>runners.TestRunner@2e8c1c9b</td></tr>
<tr>
<td title='runners.TestRunner.runScenario()'><b>runScenario</b><br>Test class: runners.TestRunner<br>Test method: Runs Cucumber Scenarios<br>Parameters: "Verify the About us Options Menu Pages", "Optional[Aldermore Homepage]"</td>
<td></td>
<td>15</td>
<td>runners.TestRunner@2e8c1c9b</td></tr>
<tr>
<td title='runners.TestRunner.runScenario()'><b>runScenario</b><br>Test class: runners.TestRunner<br>Test method: Runs Cucumber Scenarios<br>Parameters: "Validate each link under "Motor Finance" tab", "Optional[Verify homepage tabs and their links are working]"</td>
<td></td>
<td>18</td>
<td>runners.TestRunner@2e8c1c9b</td></tr>
<tr>
<td title='runners.TestRunner.runScenario()'><b>runScenario</b><br>Test class: runners.TestRunner<br>Test method: Runs Cucumber Scenarios<br>Parameters: "Validate each link under "Savings" tab", "Optional[Verify homepage tabs and their links are working]"</td>
<td></td>
<td>19</td>
<td>runners.TestRunner@2e8c1c9b</td></tr>
<tr>
<td title='runners.TestRunner.runScenario()'><b>runScenario</b><br>Test class: runners.TestRunner<br>Test method: Runs Cucumber Scenarios<br>Parameters: "Verify the Accounts and products Options Menu Pages", "Optional[Aldermore Homepage]"</td>
<td></td>
<td>14</td>
<td>runners.TestRunner@2e8c1c9b</td></tr>
<tr>
<td title='runners.TestRunner.runScenario()'><b>runScenario</b><br>Test class: runners.TestRunner<br>Test method: Runs Cucumber Scenarios<br>Parameters: "Verify the unique selling points contents", "Optional[Aldermore Homepage]"</td>
<td></td>
<td>2</td>
<td>runners.TestRunner@2e8c1c9b</td></tr>
<tr>
<td title='runners.TestRunner.runScenario()'><b>runScenario</b><br>Test class: runners.TestRunner<br>Test method: Runs Cucumber Scenarios<br>Parameters: "Validate each link under "Mortgages" tab", "Optional[Verify homepage tabs and their links are working]"</td>
<td></td>
<td>18</td>
<td>runners.TestRunner@2e8c1c9b</td></tr>
<tr>
<td title='runners.TestRunner.runScenario()'><b>runScenario</b><br>Test class: runners.TestRunner<br>Test method: Runs Cucumber Scenarios<br>Parameters: "Validate each link under "Mortgages" tab", "Optional[Verify homepage tabs and their links are working]"</td>
<td></td>
<td>18</td>
<td>runners.TestRunner@2e8c1c9b</td></tr>
<tr>
<td title='runners.TestRunner.runScenario()'><b>runScenario</b><br>Test class: runners.TestRunner<br>Test method: Runs Cucumber Scenarios<br>Parameters: "Validate each link under "Savings" tab", "Optional[Verify homepage tabs and their links are working]"</td>
<td></td>
<td>18</td>
<td>runners.TestRunner@2e8c1c9b</td></tr>
<tr>
<td title='runners.TestRunner.runScenario()'><b>runScenario</b><br>Test class: runners.TestRunner<br>Test method: Runs Cucumber Scenarios<br>Parameters: "Verify the Connect with us on the footer page", "Optional[Aldermore Homepage]"</td>
<td></td>
<td>4</td>
<td>runners.TestRunner@2e8c1c9b</td></tr>
<tr>
<td title='runners.TestRunner.runScenario()'><b>runScenario</b><br>Test class: runners.TestRunner<br>Test method: Runs Cucumber Scenarios<br>Parameters: "Validate each link under "Savings" tab", "Optional[Verify homepage tabs and their links are working]"</td>
<td></td>
<td>18</td>
<td>runners.TestRunner@2e8c1c9b</td></tr>
<tr>
<td title='runners.TestRunner.runScenario()'><b>runScenario</b><br>Test class: runners.TestRunner<br>Test method: Runs Cucumber Scenarios<br>Parameters: "Validate each link under "Savings" tab", "Optional[Verify homepage tabs and their links are working]"</td>
<td></td>
<td>18</td>
<td>runners.TestRunner@2e8c1c9b</td></tr>
<tr>
<td title='runners.TestRunner.runScenario()'><b>runScenario</b><br>Test class: runners.TestRunner<br>Test method: Runs Cucumber Scenarios<br>Parameters: "Verify the Connect with us on the footer page", "Optional[Aldermore Homepage]"</td>
<td></td>
<td>5</td>
<td>runners.TestRunner@2e8c1c9b</td></tr>
<tr>
<td title='runners.TestRunner.runScenario()'><b>runScenario</b><br>Test class: runners.TestRunner<br>Test method: Runs Cucumber Scenarios<br>Parameters: "Validate each link under "Savings" tab", "Optional[Verify homepage tabs and their links are working]"</td>
<td></td>
<td>18</td>
<td>runners.TestRunner@2e8c1c9b</td></tr>
<tr>
<td title='runners.TestRunner.runScenario()'><b>runScenario</b><br>Test class: runners.TestRunner<br>Test method: Runs Cucumber Scenarios<br>Parameters: "Validate each link under "Business Finance" tab", "Optional[Verify homepage tabs and their links are working]"</td>
<td></td>
<td>18</td>
<td>runners.TestRunner@2e8c1c9b</td></tr>
<tr>
<td title='runners.TestRunner.runScenario()'><b>runScenario</b><br>Test class: runners.TestRunner<br>Test method: Runs Cucumber Scenarios<br>Parameters: "Verify the Accounts and products Options Menu Pages", "Optional[Aldermore Homepage]"</td>
<td></td>
<td>17</td>
<td>runners.TestRunner@2e8c1c9b</td></tr>
<tr>
<td title='runners.TestRunner.runScenario()'><b>runScenario</b><br>Test class: runners.TestRunner<br>Test method: Runs Cucumber Scenarios<br>Parameters: "Validate each link under "Business Finance" tab", "Optional[Verify homepage tabs and their links are working]"</td>
<td></td>
<td>18</td>
<td>runners.TestRunner@2e8c1c9b</td></tr>
<tr>
<td title='runners.TestRunner.runScenario()'><b>runScenario</b><br>Test class: runners.TestRunner<br>Test method: Runs Cucumber Scenarios<br>Parameters: "Validate each link under "Business Finance" tab", "Optional[Verify homepage tabs and their links are working]"</td>
<td></td>
<td>18</td>
<td>runners.TestRunner@2e8c1c9b</td></tr>
<tr>
<td title='runners.TestRunner.runScenario()'><b>runScenario</b><br>Test class: runners.TestRunner<br>Test method: Runs Cucumber Scenarios<br>Parameters: "Validate each link under "Mortgages" tab", "Optional[Verify homepage tabs and their links are working]"</td>
<td></td>
<td>18</td>
<td>runners.TestRunner@2e8c1c9b</td></tr>
<tr>
<td title='runners.TestRunner.runScenario()'><b>runScenario</b><br>Test class: runners.TestRunner<br>Test method: Runs Cucumber Scenarios<br>Parameters: "Validate each link under "Savings" tab", "Optional[Verify homepage tabs and their links are working]"</td>
<td></td>
<td>18</td>
<td>runners.TestRunner@2e8c1c9b</td></tr>
<tr>
<td title='runners.TestRunner.runScenario()'><b>runScenario</b><br>Test class: runners.TestRunner<br>Test method: Runs Cucumber Scenarios<br>Parameters: "Verify the Accounts and products Options Menu Pages", "Optional[Aldermore Homepage]"</td>
<td></td>
<td>15</td>
<td>runners.TestRunner@2e8c1c9b</td></tr>
<tr>
<td title='runners.TestRunner.runScenario()'><b>runScenario</b><br>Test class: runners.TestRunner<br>Test method: Runs Cucumber Scenarios<br>Parameters: "Validate each link under "Business Finance" tab", "Optional[Verify homepage tabs and their links are working]"</td>
<td></td>
<td>18</td>
<td>runners.TestRunner@2e8c1c9b</td></tr>
</table><p>
</body>
</html>