<?xml version="1.0" encoding="UTF-8"?>
<!-- Generated by org.testng.reporters.JUnitReportReporter -->
<testsuite hostname="uatcoukuksbast1" failures="1" tests="24" name="runners.HelpRunner" time="236.118" errors="1" timestamp="2025-09-09T19:40:18 BST" skipped="0">
  <testcase classname="runners.HelpRunner" name="runScenario" time="3.385"/>
  <system-out/>
  <testcase classname="runners.HelpRunner" name="runScenario" time="3.624"/>
  <system-out/>
  <testcase classname="runners.HelpRunner" name="runScenario" time="33.546">
    <failure message="Web Element is not clicked in a given time" type="java.lang.AssertionError">
      <![CDATA[java.lang.AssertionError: Web Element is not clicked in a given time
at org.testng.Assert.fail(Assert.java:99)
at utils.SeleniumDriver.waitForElementClickable(SeleniumDriver.java:208)
at Help_Feature_Steps.HelpSteps.i_am_on_a_aldermore_home_page(HelpSteps.java:28)
at ✽.I am on a Aldermore home page(file:///G:/TRG/Website-Test-Automation-couk_Automation_Handover/Website-Test-Automation-couk_Automation_Handover2/src/test/resources/Help_FeatureFiles/Help.feature:6)
]]>
    </failure>
  </testcase> <!-- runScenario -->
  <system-out/>
  <testcase classname="runners.HelpRunner" name="runScenario" time="15.602"/>
  <system-out/>
  <testcase classname="runners.HelpRunner" name="runScenario" time="15.637"/>
  <system-out/>
  <testcase classname="runners.HelpRunner" name="runScenario" time="3.308"/>
  <system-out/>
  <testcase classname="runners.HelpRunner" name="runScenario" time="3.348"/>
  <system-out/>
  <testcase classname="runners.HelpRunner" name="runScenario" time="16.030"/>
  <system-out/>
  <testcase classname="runners.HelpRunner" name="runScenario" time="15.809"/>
  <system-out/>
  <testcase classname="runners.HelpRunner" name="runScenario" time="15.937"/>
  <system-out/>
  <testcase classname="runners.HelpRunner" name="runScenario" time="15.609"/>
  <system-out/>
  <testcase classname="runners.HelpRunner" name="runScenario" time="15.656"/>
  <system-out/>
  <testcase classname="runners.HelpRunner" name="runScenario" time="15.693"/>
  <system-out/>
  <testcase classname="runners.HelpRunner" name="runScenario" time="3.452">
    <error message="Invalid value: Business Finance Solutions" type="java.lang.IllegalArgumentException">
      <![CDATA[java.lang.IllegalArgumentException: Invalid value: Business Finance Solutions
at pages.actions.HelpActions.getPageTitle(HelpActions.java:86)
at Help_Feature_Steps.HelpSteps.i_should_be_able_to_click_on_this_cardlink_and_redirected_to_the_page(HelpSteps.java:63)
at ✽.I should be able to click on this "Business finance help" cardlink and redirected to the "Business Finance Solutions" page(file:///G:/TRG/Website-Test-Automation-couk_Automation_Handover/Website-Test-Automation-couk_Automation_Handover2/src/test/resources/Help_FeatureFiles/Help.feature:34)
]]>
    </error>
  </testcase> <!-- runScenario -->
  <system-out/>
  <testcase classname="runners.HelpRunner" name="runScenario" time="15.710"/>
  <system-out/>
  <testcase classname="runners.HelpRunner" name="runScenario" time="3.379"/>
  <system-out/>
  <testcase classname="runners.HelpRunner" name="runScenario" time="3.556"/>
  <system-out/>
  <testcase classname="runners.HelpRunner" name="runScenario" time="3.478"/>
  <system-out/>
  <testcase classname="runners.HelpRunner" name="runScenario" time="3.483"/>
  <system-out/>
  <testcase classname="runners.HelpRunner" name="runScenario" time="3.648"/>
  <system-out/>
  <testcase classname="runners.HelpRunner" name="runScenario" time="3.347"/>
  <system-out/>
  <testcase classname="runners.HelpRunner" name="runScenario" time="3.941"/>
  <system-out/>
  <testcase classname="runners.HelpRunner" name="runScenario" time="15.510"/>
  <system-out/>
  <testcase classname="runners.HelpRunner" name="runScenario" time="3.430"/>
  <system-out/>
</testsuite> <!-- runners.HelpRunner -->
