<?xml version="1.0" encoding="UTF-8"?>
<!-- Generated by org.testng.reporters.JUnitXMLReporter -->
<testsuite ignored="0" hostname="uatcoukuksbast1" failures="51" tests="428" name="Test" time="1741.409" errors="0" timestamp="2023-12-08T04:03:54 GMT">
  <testcase classname="io.cucumber.testng.AbstractTestNGCucumberTests" name="runScenario" time="5.079"/>
  <testcase classname="io.cucumber.testng.AbstractTestNGCucumberTests" name="runScenario" time="1.815"/>
  <testcase classname="io.cucumber.testng.AbstractTestNGCucumberTests" name="runScenario" time="1.889"/>
  <testcase classname="io.cucumber.testng.AbstractTestNGCucumberTests" name="runScenario" time="2.592"/>
  <testcase classname="io.cucumber.testng.AbstractTestNGCucumberTests" name="runScenario" time="1.816"/>
  <testcase classname="io.cucumber.testng.AbstractTestNGCucumberTests" name="runScenario" time="2.02"/>
  <testcase classname="io.cucumber.testng.AbstractTestNGCucumberTests" name="runScenario" time="1.921"/>
  <testcase classname="io.cucumber.testng.AbstractTestNGCucumberTests" name="runScenario" time="1.695"/>
  <testcase classname="io.cucumber.testng.AbstractTestNGCucumberTests" name="runScenario" time="1.631"/>
  <testcase classname="io.cucumber.testng.AbstractTestNGCucumberTests" name="runScenario" time="13.898">
    <failure type="java.lang.AssertionError" message="Invalid page expected [true] but found [false]">
      <![CDATA[java.lang.AssertionError: Invalid page expected [true] but found [false]
at Savings_Feature_Steps.BusinessSavingsAccount_EasyAccessSavingsSteps.i_should_be_able_to_click_on_more_card_cta_button_on_easy_access_savings_accounts_page_and_should_be_redirected_to_page(BusinessSavingsAccount_EasyAccessSavingsSteps.java:81)
at ?.I should be able to click on More Card CTA button on Easy Access Savings Accounts page and should be redirected to "404 - page not found - Aldermore bank" page(file:///C:/Users/Vasantrao.Kulkarni/eclipse-workspace/Co.uk_MVP_Release/src/test/resources/Savings_FeatureFiles/BusinessSavingsAccount_EasyAccessSavings.feature:34)
... Removed 3 stack frames]]>
    </failure>
  </testcase> <!-- runScenario -->
  <testcase classname="io.cucumber.testng.AbstractTestNGCucumberTests" name="runScenario" time="3.126"/>
  <testcase classname="io.cucumber.testng.AbstractTestNGCucumberTests" name="runScenario" time="2.831"/>
  <testcase classname="io.cucumber.testng.AbstractTestNGCucumberTests" name="runScenario" time="2.702"/>
  <testcase classname="io.cucumber.testng.AbstractTestNGCucumberTests" name="runScenario" time="2.816"/>
  <testcase classname="io.cucumber.testng.AbstractTestNGCucumberTests" name="runScenario" time="2.842"/>
  <testcase classname="io.cucumber.testng.AbstractTestNGCucumberTests" name="runScenario" time="2.905"/>
  <testcase classname="io.cucumber.testng.AbstractTestNGCucumberTests" name="runScenario" time="3.054"/>
  <testcase classname="io.cucumber.testng.AbstractTestNGCucumberTests" name="runScenario" time="2.886"/>
  <testcase classname="io.cucumber.testng.AbstractTestNGCucumberTests" name="runScenario" time="3.182"/>
  <testcase classname="io.cucumber.testng.AbstractTestNGCucumberTests" name="runScenario" time="2.579"/>
  <testcase classname="io.cucumber.testng.AbstractTestNGCucumberTests" name="runScenario" time="2.746"/>
  <testcase classname="io.cucumber.testng.AbstractTestNGCucumberTests" name="runScenario" time="14.623"/>
  <testcase classname="io.cucumber.testng.AbstractTestNGCucumberTests" name="runScenario" time="7.903"/>
  <testcase classname="io.cucumber.testng.AbstractTestNGCucumberTests" name="runScenario" time="18.115"/>
  <testcase classname="io.cucumber.testng.AbstractTestNGCucumberTests" name="runScenario" time="1.891"/>
  <testcase classname="io.cucumber.testng.AbstractTestNGCucumberTests" name="runScenario" time="1.804"/>
  <testcase classname="io.cucumber.testng.AbstractTestNGCucumberTests" name="runScenario" time="1.622"/>
  <testcase classname="io.cucumber.testng.AbstractTestNGCucumberTests" name="runScenario" time="13.674"/>
  <testcase classname="io.cucumber.testng.AbstractTestNGCucumberTests" name="runScenario" time="3.145"/>
  <testcase classname="io.cucumber.testng.AbstractTestNGCucumberTests" name="runScenario" time="2.687"/>
  <testcase classname="io.cucumber.testng.AbstractTestNGCucumberTests" name="runScenario" time="3.077"/>
  <testcase classname="io.cucumber.testng.AbstractTestNGCucumberTests" name="runScenario" time="2.365">
    <failure type="java.lang.AssertionError" message="expected [3.60%] but found [4.05%]">
      <![CDATA[java.lang.AssertionError: expected [3.60%] but found [4.05%]
at Savings_Feature_Steps.BusinessSavingsAccount_FixedRateSavingsAccountSteps.i_should_see_the_value_as_on_the_month_fixed_rate_accounts_card(BusinessSavingsAccount_FixedRateSavingsAccountSteps.java:135)
at ?.I should see the "Interest rate(*AER)" value as "3.60%" on the 6 month fixed rate Accounts card(file:///C:/Users/Vasantrao.Kulkarni/eclipse-workspace/Co.uk_MVP_Release/src/test/resources/Savings_FeatureFiles/BusinessSavingsAccount_FixedRateSavingsAccount.feature:57)
... Removed 6 stack frames]]>
    </failure>
  </testcase> <!-- runScenario -->
  <testcase classname="io.cucumber.testng.AbstractTestNGCucumberTests" name="runScenario" time="13.508"/>
  <testcase classname="io.cucumber.testng.AbstractTestNGCucumberTests" name="runScenario" time="13.381"/>
  <testcase classname="io.cucumber.testng.AbstractTestNGCucumberTests" name="runScenario" time="2.775"/>
  <testcase classname="io.cucumber.testng.AbstractTestNGCucumberTests" name="runScenario" time="2.612"/>
  <testcase classname="io.cucumber.testng.AbstractTestNGCucumberTests" name="runScenario" time="2.938"/>
  <testcase classname="io.cucumber.testng.AbstractTestNGCucumberTests" name="runScenario" time="3.003"/>
  <testcase classname="io.cucumber.testng.AbstractTestNGCucumberTests" name="runScenario" time="2.982"/>
  <testcase classname="io.cucumber.testng.AbstractTestNGCucumberTests" name="runScenario" time="3.108"/>
  <testcase classname="io.cucumber.testng.AbstractTestNGCucumberTests" name="runScenario" time="2.986"/>
  <testcase classname="io.cucumber.testng.AbstractTestNGCucumberTests" name="runScenario" time="3.325"/>
  <testcase classname="io.cucumber.testng.AbstractTestNGCucumberTests" name="runScenario" time="2.68"/>
  <testcase classname="io.cucumber.testng.AbstractTestNGCucumberTests" name="runScenario" time="15.331"/>
  <testcase classname="io.cucumber.testng.AbstractTestNGCucumberTests" name="runScenario" time="14.653"/>
  <testcase classname="io.cucumber.testng.AbstractTestNGCucumberTests" name="runScenario" time="8.031"/>
  <testcase classname="io.cucumber.testng.AbstractTestNGCucumberTests" name="runScenario" time="2.79"/>
  <testcase classname="io.cucumber.testng.AbstractTestNGCucumberTests" name="runScenario" time="2.748"/>
  <testcase classname="io.cucumber.testng.AbstractTestNGCucumberTests" name="runScenario" time="3.41">
    <failure type="java.lang.AssertionError" message="expected [3.60%] but found [4.05%]">
      <![CDATA[java.lang.AssertionError: expected [3.60%] but found [4.05%]
at Savings_Feature_Steps.BusinessSavingsAccount_FixedRateSavingsAccount_6MonthFixedRateAccountSteps.i_should_see_the_value_as_on_the_six_month_fixed_rate_savings_account_product_card(BusinessSavingsAccount_FixedRateSavingsAccount_6MonthFixedRateAccountSteps.java:71)
at ?.I should see the "Interest rate(*AER)" value as "3.60%" on the Six month fixed rate savings account Product Card(file:///C:/Users/Vasantrao.Kulkarni/eclipse-workspace/Co.uk_MVP_Release/src/test/resources/Savings_FeatureFiles/BusinessSavingsAccount_FixedRateSavingsAccount_6MonthFixedRateAccount.feature:37)
... Removed 6 stack frames]]>
    </failure>
  </testcase> <!-- runScenario -->
  <testcase classname="io.cucumber.testng.AbstractTestNGCucumberTests" name="runScenario" time="3.082"/>
  <testcase classname="io.cucumber.testng.AbstractTestNGCucumberTests" name="runScenario" time="3.321"/>
  <testcase classname="io.cucumber.testng.AbstractTestNGCucumberTests" name="runScenario" time="3.27">
    <failure type="java.lang.AssertionError" message="expected [3.51%] but found [3.94%]">
      <![CDATA[java.lang.AssertionError: expected [3.51%] but found [3.94%]
at Savings_Feature_Steps.BusinessSavingsAccount_FixedRateSavingsAccount_6MonthFixedRateAccountSteps.i_should_see_the_value_as_on_the_six_month_fixed_rate_savings_account_product_card(BusinessSavingsAccount_FixedRateSavingsAccount_6MonthFixedRateAccountSteps.java:71)
at ?.I should see the "Gross monthly interest" value as "3.51%" on the Six month fixed rate savings account Product Card(file:///C:/Users/Vasantrao.Kulkarni/eclipse-workspace/Co.uk_MVP_Release/src/test/resources/Savings_FeatureFiles/BusinessSavingsAccount_FixedRateSavingsAccount_6MonthFixedRateAccount.feature:37)
... Removed 6 stack frames]]>
    </failure>
  </testcase> <!-- runScenario -->
  <testcase classname="io.cucumber.testng.AbstractTestNGCucumberTests" name="runScenario" time="3.095">
    <failure type="java.lang.AssertionError" message="expected [3.57%] but found [4.01%]">
      <![CDATA[java.lang.AssertionError: expected [3.57%] but found [4.01%]
at Savings_Feature_Steps.BusinessSavingsAccount_FixedRateSavingsAccount_6MonthFixedRateAccountSteps.i_should_see_the_value_as_on_the_six_month_fixed_rate_savings_account_product_card(BusinessSavingsAccount_FixedRateSavingsAccount_6MonthFixedRateAccountSteps.java:71)
at ?.I should see the "Gross annual interest" value as "3.57%" on the Six month fixed rate savings account Product Card(file:///C:/Users/Vasantrao.Kulkarni/eclipse-workspace/Co.uk_MVP_Release/src/test/resources/Savings_FeatureFiles/BusinessSavingsAccount_FixedRateSavingsAccount_6MonthFixedRateAccount.feature:37)
... Removed 6 stack frames]]>
    </failure>
  </testcase> <!-- runScenario -->
  <testcase classname="io.cucumber.testng.AbstractTestNGCucumberTests" name="runScenario" time="3.088"/>
  <testcase classname="io.cucumber.testng.AbstractTestNGCucumberTests" name="runScenario" time="2.601"/>
  <testcase classname="io.cucumber.testng.AbstractTestNGCucumberTests" name="runScenario" time="21.82"/>
  <testcase classname="io.cucumber.testng.AbstractTestNGCucumberTests" name="runScenario" time="14.2"/>
  <testcase classname="io.cucumber.testng.AbstractTestNGCucumberTests" name="runScenario" time="7.795"/>
  <testcase classname="io.cucumber.testng.AbstractTestNGCucumberTests" name="runScenario" time="1.946"/>
  <testcase classname="io.cucumber.testng.AbstractTestNGCucumberTests" name="runScenario" time="1.783"/>
  <testcase classname="io.cucumber.testng.AbstractTestNGCucumberTests" name="runScenario" time="1.894"/>
  <testcase classname="io.cucumber.testng.AbstractTestNGCucumberTests" name="runScenario" time="1.989"/>
  <testcase classname="io.cucumber.testng.AbstractTestNGCucumberTests" name="runScenario" time="2.228"/>
  <testcase classname="io.cucumber.testng.AbstractTestNGCucumberTests" name="runScenario" time="1.995"/>
  <testcase classname="io.cucumber.testng.AbstractTestNGCucumberTests" name="runScenario" time="1.906"/>
  <testcase classname="io.cucumber.testng.AbstractTestNGCucumberTests" name="runScenario" time="4.14"/>
  <testcase classname="io.cucumber.testng.AbstractTestNGCucumberTests" name="runScenario" time="5.961"/>
  <testcase classname="io.cucumber.testng.AbstractTestNGCucumberTests" name="runScenario" time="11.226"/>
  <testcase classname="io.cucumber.testng.AbstractTestNGCucumberTests" name="runScenario" time="2.544"/>
  <testcase classname="io.cucumber.testng.AbstractTestNGCucumberTests" name="runScenario" time="2.318"/>
  <testcase classname="io.cucumber.testng.AbstractTestNGCucumberTests" name="runScenario" time="6.813"/>
  <testcase classname="io.cucumber.testng.AbstractTestNGCucumberTests" name="runScenario" time="11.222"/>
  <testcase classname="io.cucumber.testng.AbstractTestNGCucumberTests" name="runScenario" time="19.438"/>
  <testcase classname="io.cucumber.testng.AbstractTestNGCucumberTests" name="runScenario" time="1.673"/>
  <testcase classname="io.cucumber.testng.AbstractTestNGCucumberTests" name="runScenario" time="1.529"/>
  <testcase classname="io.cucumber.testng.AbstractTestNGCucumberTests" name="runScenario" time="1.591"/>
  <testcase classname="io.cucumber.testng.AbstractTestNGCucumberTests" name="runScenario" time="1.606"/>
  <testcase classname="io.cucumber.testng.AbstractTestNGCucumberTests" name="runScenario" time="1.838"/>
  <testcase classname="io.cucumber.testng.AbstractTestNGCucumberTests" name="runScenario" time="1.79"/>
  <testcase classname="io.cucumber.testng.AbstractTestNGCucumberTests" name="runScenario" time="14.315"/>
  <testcase classname="io.cucumber.testng.AbstractTestNGCucumberTests" name="runScenario" time="1.797"/>
  <testcase classname="io.cucumber.testng.AbstractTestNGCucumberTests" name="runScenario" time="1.93"/>
  <testcase classname="io.cucumber.testng.AbstractTestNGCucumberTests" name="runScenario" time="1.731"/>
  <testcase classname="io.cucumber.testng.AbstractTestNGCucumberTests" name="runScenario" time="5.861"/>
  <testcase classname="io.cucumber.testng.AbstractTestNGCucumberTests" name="runScenario" time="13.653"/>
  <testcase classname="io.cucumber.testng.AbstractTestNGCucumberTests" name="runScenario" time="6.997"/>
  <testcase classname="io.cucumber.testng.AbstractTestNGCucumberTests" name="runScenario" time="4.264"/>
  <testcase classname="io.cucumber.testng.AbstractTestNGCucumberTests" name="runScenario" time="20.913"/>
  <testcase classname="io.cucumber.testng.AbstractTestNGCucumberTests" name="runScenario" time="12.804"/>
  <testcase classname="io.cucumber.testng.AbstractTestNGCucumberTests" name="runScenario" time="3.081"/>
  <testcase classname="io.cucumber.testng.AbstractTestNGCucumberTests" name="runScenario" time="2.551"/>
  <testcase classname="io.cucumber.testng.AbstractTestNGCucumberTests" name="runScenario" time="2.8"/>
  <testcase classname="io.cucumber.testng.AbstractTestNGCucumberTests" name="runScenario" time="2.457"/>
  <testcase classname="io.cucumber.testng.AbstractTestNGCucumberTests" name="runScenario" time="2.509"/>
  <testcase classname="io.cucumber.testng.AbstractTestNGCucumberTests" name="runScenario" time="2.755"/>
  <testcase classname="io.cucumber.testng.AbstractTestNGCucumberTests" name="runScenario" time="2.091"/>
  <testcase classname="io.cucumber.testng.AbstractTestNGCucumberTests" name="runScenario" time="2.145"/>
  <testcase classname="io.cucumber.testng.AbstractTestNGCucumberTests" name="runScenario" time="1.964"/>
  <testcase classname="io.cucumber.testng.AbstractTestNGCucumberTests" name="runScenario" time="1.891"/>
  <testcase classname="io.cucumber.testng.AbstractTestNGCucumberTests" name="runScenario" time="1.689"/>
  <testcase classname="io.cucumber.testng.AbstractTestNGCucumberTests" name="runScenario" time="1.805"/>
  <testcase classname="io.cucumber.testng.AbstractTestNGCucumberTests" name="runScenario" time="2.069"/>
  <testcase classname="io.cucumber.testng.AbstractTestNGCucumberTests" name="runScenario" time="1.871"/>
  <testcase classname="io.cucumber.testng.AbstractTestNGCucumberTests" name="runScenario" time="2.077"/>
  <testcase classname="io.cucumber.testng.AbstractTestNGCucumberTests" name="runScenario" time="1.942"/>
  <testcase classname="io.cucumber.testng.AbstractTestNGCucumberTests" name="runScenario" time="2.011"/>
  <testcase classname="io.cucumber.testng.AbstractTestNGCucumberTests" name="runScenario" time="1.984"/>
  <testcase classname="io.cucumber.testng.AbstractTestNGCucumberTests" name="runScenario" time="1.848"/>
  <testcase classname="io.cucumber.testng.AbstractTestNGCucumberTests" name="runScenario" time="1.83"/>
  <testcase classname="io.cucumber.testng.AbstractTestNGCucumberTests" name="runScenario" time="1.958">
    <failure type="java.lang.AssertionError" message="expected [30 days&amp;apos; notice] but found [Want to deposit a maximum of £300 per month]">
      <![CDATA[java.lang.AssertionError: expected [30 days' notice] but found [Want to deposit a maximum of £300 per month]
at Savings_Feature_Steps.Savings_PersonalSavingsAccountPageSteps.i_should_see_the_displayed_on_the_day_notice_account_card(Savings_PersonalSavingsAccountPageSteps.java:192)
at ?.I should see the "Term" value as "30 days' notice" on the 30 day notice account card(file:///C:/Users/Vasantrao.Kulkarni/eclipse-workspace/Co.uk_MVP_Release/src/test/resources/Savings_FeatureFiles/PersonalSavingsAccount.feature:61)
... Removed 6 stack frames]]>
    </failure>
  </testcase> <!-- runScenario -->
  <testcase classname="io.cucumber.testng.AbstractTestNGCucumberTests" name="runScenario" time="1.978"/>
  <testcase classname="io.cucumber.testng.AbstractTestNGCucumberTests" name="runScenario" time="1.751"/>
  <testcase classname="io.cucumber.testng.AbstractTestNGCucumberTests" name="runScenario" time="1.837"/>
  <testcase classname="io.cucumber.testng.AbstractTestNGCucumberTests" name="runScenario" time="1.83">
    <failure type="org.openqa.selenium.NoSuchElementException" message="no such element: Unable to locate element: {&amp;quot;method&amp;quot;:&amp;quot;xpath&amp;quot;,&amp;quot;selector&amp;quot;:&amp;quot;//div[@id=&amp;apos;1 year fixed rate savings account&amp;apos;]//strong[1]&amp;quot;}
  (Session info: chrome=118.0.5993.70)
For documentation on this error, please visit: https://www.selenium.dev/documentation/webdriver/troubleshooting/errors#no-such-element-exception
Build info: version: &amp;apos;4.11.0&amp;apos;, revision: &amp;apos;040bc5406b&amp;apos;
System info: os.name: &amp;apos;Windows Server 2019&amp;apos;, os.arch: &amp;apos;amd64&amp;apos;, os.version: &amp;apos;10.0&amp;apos;, java.version: &amp;apos;17.0.1&amp;apos;
Driver info: org.openqa.selenium.chrome.ChromeDriver
Command: [71db86b80e3fe60b1ab0fc37a5cf7ece, findElement {using=xpath, value=//div[@id=&amp;apos;1 year fixed rate savings account&amp;apos;]//strong[1]}]
Capabilities {acceptInsecureCerts: false, browserName: chrome, browserVersion: 118.0.5993.70, chrome: {chromedriverVersion: 118.0.5993.70 (e52f33f30b91..., userDataDir: C:\Users\VASANT~1.KUL\AppDa...}, fedcm:accounts: true, goog:chromeOptions: {debuggerAddress: localhost:61855}, networkConnectionEnabled: false, pageLoadStrategy: normal, platformName: windows, proxy: Proxy(), se:cdp: ws://localhost:61855/devtoo..., se:cdpVersion: 118.0.5993.70, setWindowRect: true, strictFileInteractability: false, timeouts: {implicit: 0, pageLoad: 300000, script: 30000}, unhandledPromptBehavior: dismiss and notify, webauthn:extension:credBlob: true, webauthn:extension:largeBlob: true, webauthn:extension:minPinLength: true, webauthn:extension:prf: true, webauthn:virtualAuthenticators: true}
Session ID: 71db86b80e3fe60b1ab0fc37a5cf7ece">
      <![CDATA[org.openqa.selenium.NoSuchElementException: no such element: Unable to locate element: {"method":"xpath","selector":"//div[@id='1 year fixed rate savings account']//strong[1]"}
  (Session info: chrome=118.0.5993.70)
For documentation on this error, please visit: https://www.selenium.dev/documentation/webdriver/troubleshooting/errors#no-such-element-exception
Build info: version: '4.11.0', revision: '040bc5406b'
System info: os.name: 'Windows Server 2019', os.arch: 'amd64', os.version: '10.0', java.version: '17.0.1'
Driver info: org.openqa.selenium.chrome.ChromeDriver
Command: [71db86b80e3fe60b1ab0fc37a5cf7ece, findElement {using=xpath, value=//div[@id='1 year fixed rate savings account']//strong[1]}]
Capabilities {acceptInsecureCerts: false, browserName: chrome, browserVersion: 118.0.5993.70, chrome: {chromedriverVersion: 118.0.5993.70 (e52f33f30b91..., userDataDir: C:\Users\VASANT~1.KUL\AppDa...}, fedcm:accounts: true, goog:chromeOptions: {debuggerAddress: localhost:61855}, networkConnectionEnabled: false, pageLoadStrategy: normal, platformName: windows, proxy: Proxy(), se:cdp: ws://localhost:61855/devtoo..., se:cdpVersion: 118.0.5993.70, setWindowRect: true, strictFileInteractability: false, timeouts: {implicit: 0, pageLoad: 300000, script: 30000}, unhandledPromptBehavior: dismiss and notify, webauthn:extension:credBlob: true, webauthn:extension:largeBlob: true, webauthn:extension:minPinLength: true, webauthn:extension:prf: true, webauthn:virtualAuthenticators: true}
Session ID: 71db86b80e3fe60b1ab0fc37a5cf7ece
at org.openqa.selenium.remote.codec.w3c.W3CHttpResponseCodec.createException(W3CHttpResponseCodec.java:200)
at org.openqa.selenium.remote.codec.w3c.W3CHttpResponseCodec.decode(W3CHttpResponseCodec.java:133)
at org.openqa.selenium.remote.codec.w3c.W3CHttpResponseCodec.decode(W3CHttpResponseCodec.java:52)
at org.openqa.selenium.remote.HttpCommandExecutor.execute(HttpCommandExecutor.java:191)
at org.openqa.selenium.remote.service.DriverCommandExecutor.invokeExecute(DriverCommandExecutor.java:196)
at org.openqa.selenium.remote.service.DriverCommandExecutor.execute(DriverCommandExecutor.java:171)
at org.openqa.selenium.remote.RemoteWebDriver.execute(RemoteWebDriver.java:518)
at org.openqa.selenium.remote.ElementLocation$ElementFinder$2.findElement(ElementLocation.java:165)
at org.openqa.selenium.remote.ElementLocation.findElement(ElementLocation.java:59)
at org.openqa.selenium.remote.RemoteWebDriver.findElement(RemoteWebDriver.java:355)
at org.openqa.selenium.remote.RemoteWebDriver.findElement(RemoteWebDriver.java:349)
at org.openqa.selenium.support.pagefactory.DefaultElementLocator.findElement(DefaultElementLocator.java:68)
at org.openqa.selenium.support.pagefactory.internal.LocatingElementHandler.invoke(LocatingElementHandler.java:38)
at jdk.proxy2/jdk.proxy2.$Proxy29.getText(Unknown Source)
at pages.actions.PersonalSavingsAccountPageActions.getOneYeareFixedProductCardInterestValue(PersonalSavingsAccountPageActions.java:173)
at Savings_Feature_Steps.PersonalSavingsAccount_FixedRateSavingsAccountPageSteps.i_should_see_the_value_as_on_the_year_fixed_rate_account_card(PersonalSavingsAccount_FixedRateSavingsAccountPageSteps.java:139)
at ?.I should see the "Interest rate(*AER)" value as "5.61% Fixed" on the 1 year fixed rate account card(file:///C:/Users/Vasantrao.Kulkarni/eclipse-workspace/Co.uk_MVP_Release/src/test/resources/Savings_FeatureFiles/PersonalSavingsAccount.feature:89)
... Removed 4 stack frames]]>
    </failure>
  </testcase> <!-- runScenario -->
  <testcase classname="io.cucumber.testng.AbstractTestNGCucumberTests" name="runScenario" time="1.813"/>
  <testcase classname="io.cucumber.testng.AbstractTestNGCucumberTests" name="runScenario" time="1.74"/>
  <testcase classname="io.cucumber.testng.AbstractTestNGCucumberTests" name="runScenario" time="1.893">
    <failure type="org.openqa.selenium.NoSuchElementException" message="no such element: Unable to locate element: {&amp;quot;method&amp;quot;:&amp;quot;xpath&amp;quot;,&amp;quot;selector&amp;quot;:&amp;quot;//div[@id=&amp;apos;2 year fixed rate savings account&amp;apos;]//strong[1]&amp;quot;}
  (Session info: chrome=118.0.5993.70)
For documentation on this error, please visit: https://www.selenium.dev/documentation/webdriver/troubleshooting/errors#no-such-element-exception
Build info: version: &amp;apos;4.11.0&amp;apos;, revision: &amp;apos;040bc5406b&amp;apos;
System info: os.name: &amp;apos;Windows Server 2019&amp;apos;, os.arch: &amp;apos;amd64&amp;apos;, os.version: &amp;apos;10.0&amp;apos;, java.version: &amp;apos;17.0.1&amp;apos;
Driver info: org.openqa.selenium.chrome.ChromeDriver
Command: [71db86b80e3fe60b1ab0fc37a5cf7ece, findElement {using=xpath, value=//div[@id=&amp;apos;2 year fixed rate savings account&amp;apos;]//strong[1]}]
Capabilities {acceptInsecureCerts: false, browserName: chrome, browserVersion: 118.0.5993.70, chrome: {chromedriverVersion: 118.0.5993.70 (e52f33f30b91..., userDataDir: C:\Users\VASANT~1.KUL\AppDa...}, fedcm:accounts: true, goog:chromeOptions: {debuggerAddress: localhost:61855}, networkConnectionEnabled: false, pageLoadStrategy: normal, platformName: windows, proxy: Proxy(), se:cdp: ws://localhost:61855/devtoo..., se:cdpVersion: 118.0.5993.70, setWindowRect: true, strictFileInteractability: false, timeouts: {implicit: 0, pageLoad: 300000, script: 30000}, unhandledPromptBehavior: dismiss and notify, webauthn:extension:credBlob: true, webauthn:extension:largeBlob: true, webauthn:extension:minPinLength: true, webauthn:extension:prf: true, webauthn:virtualAuthenticators: true}
Session ID: 71db86b80e3fe60b1ab0fc37a5cf7ece">
      <![CDATA[org.openqa.selenium.NoSuchElementException: no such element: Unable to locate element: {"method":"xpath","selector":"//div[@id='2 year fixed rate savings account']//strong[1]"}
  (Session info: chrome=118.0.5993.70)
For documentation on this error, please visit: https://www.selenium.dev/documentation/webdriver/troubleshooting/errors#no-such-element-exception
Build info: version: '4.11.0', revision: '040bc5406b'
System info: os.name: 'Windows Server 2019', os.arch: 'amd64', os.version: '10.0', java.version: '17.0.1'
Driver info: org.openqa.selenium.chrome.ChromeDriver
Command: [71db86b80e3fe60b1ab0fc37a5cf7ece, findElement {using=xpath, value=//div[@id='2 year fixed rate savings account']//strong[1]}]
Capabilities {acceptInsecureCerts: false, browserName: chrome, browserVersion: 118.0.5993.70, chrome: {chromedriverVersion: 118.0.5993.70 (e52f33f30b91..., userDataDir: C:\Users\VASANT~1.KUL\AppDa...}, fedcm:accounts: true, goog:chromeOptions: {debuggerAddress: localhost:61855}, networkConnectionEnabled: false, pageLoadStrategy: normal, platformName: windows, proxy: Proxy(), se:cdp: ws://localhost:61855/devtoo..., se:cdpVersion: 118.0.5993.70, setWindowRect: true, strictFileInteractability: false, timeouts: {implicit: 0, pageLoad: 300000, script: 30000}, unhandledPromptBehavior: dismiss and notify, webauthn:extension:credBlob: true, webauthn:extension:largeBlob: true, webauthn:extension:minPinLength: true, webauthn:extension:prf: true, webauthn:virtualAuthenticators: true}
Session ID: 71db86b80e3fe60b1ab0fc37a5cf7ece
at org.openqa.selenium.remote.codec.w3c.W3CHttpResponseCodec.createException(W3CHttpResponseCodec.java:200)
at org.openqa.selenium.remote.codec.w3c.W3CHttpResponseCodec.decode(W3CHttpResponseCodec.java:133)
at org.openqa.selenium.remote.codec.w3c.W3CHttpResponseCodec.decode(W3CHttpResponseCodec.java:52)
at org.openqa.selenium.remote.HttpCommandExecutor.execute(HttpCommandExecutor.java:191)
at org.openqa.selenium.remote.service.DriverCommandExecutor.invokeExecute(DriverCommandExecutor.java:196)
at org.openqa.selenium.remote.service.DriverCommandExecutor.execute(DriverCommandExecutor.java:171)
at org.openqa.selenium.remote.RemoteWebDriver.execute(RemoteWebDriver.java:518)
at org.openqa.selenium.remote.ElementLocation$ElementFinder$2.findElement(ElementLocation.java:165)
at org.openqa.selenium.remote.ElementLocation.findElement(ElementLocation.java:59)
at org.openqa.selenium.remote.RemoteWebDriver.findElement(RemoteWebDriver.java:355)
at org.openqa.selenium.remote.RemoteWebDriver.findElement(RemoteWebDriver.java:349)
at org.openqa.selenium.support.pagefactory.DefaultElementLocator.findElement(DefaultElementLocator.java:68)
at org.openqa.selenium.support.pagefactory.internal.LocatingElementHandler.invoke(LocatingElementHandler.java:38)
at jdk.proxy2/jdk.proxy2.$Proxy29.getText(Unknown Source)
at pages.actions.PersonalSavingsAccountPageActions.getTwoYearFixedRateProductCardInterestValue(PersonalSavingsAccountPageActions.java:204)
at Savings_Feature_Steps.PersonalSavingsAccount_FixedRateSavingsAccountPageSteps.i_should_see_the_value_as_on_the_year_fixed_rate_account_card(PersonalSavingsAccount_FixedRateSavingsAccountPageSteps.java:163)
at ?.I should see the "Interest rate(*AER)" value as "5.50% Fixed" on the 2 year fixed rate account card(file:///C:/Users/Vasantrao.Kulkarni/eclipse-workspace/Co.uk_MVP_Release/src/test/resources/Savings_FeatureFiles/PersonalSavingsAccount.feature:103)
... Removed 4 stack frames]]>
    </failure>
  </testcase> <!-- runScenario -->
  <testcase classname="io.cucumber.testng.AbstractTestNGCucumberTests" name="runScenario" time="1.808"/>
  <testcase classname="io.cucumber.testng.AbstractTestNGCucumberTests" name="runScenario" time="1.809"/>
  <testcase classname="io.cucumber.testng.AbstractTestNGCucumberTests" name="runScenario" time="1.996">
    <failure type="org.openqa.selenium.NoSuchElementException" message="no such element: Unable to locate element: {&amp;quot;method&amp;quot;:&amp;quot;xpath&amp;quot;,&amp;quot;selector&amp;quot;:&amp;quot;//div[@id=&amp;apos;3 year fixed rate savings account&amp;apos;]//strong[1]&amp;quot;}
  (Session info: chrome=118.0.5993.70)
For documentation on this error, please visit: https://www.selenium.dev/documentation/webdriver/troubleshooting/errors#no-such-element-exception
Build info: version: &amp;apos;4.11.0&amp;apos;, revision: &amp;apos;040bc5406b&amp;apos;
System info: os.name: &amp;apos;Windows Server 2019&amp;apos;, os.arch: &amp;apos;amd64&amp;apos;, os.version: &amp;apos;10.0&amp;apos;, java.version: &amp;apos;17.0.1&amp;apos;
Driver info: org.openqa.selenium.chrome.ChromeDriver
Command: [71db86b80e3fe60b1ab0fc37a5cf7ece, findElement {using=xpath, value=//div[@id=&amp;apos;3 year fixed rate savings account&amp;apos;]//strong[1]}]
Capabilities {acceptInsecureCerts: false, browserName: chrome, browserVersion: 118.0.5993.70, chrome: {chromedriverVersion: 118.0.5993.70 (e52f33f30b91..., userDataDir: C:\Users\VASANT~1.KUL\AppDa...}, fedcm:accounts: true, goog:chromeOptions: {debuggerAddress: localhost:61855}, networkConnectionEnabled: false, pageLoadStrategy: normal, platformName: windows, proxy: Proxy(), se:cdp: ws://localhost:61855/devtoo..., se:cdpVersion: 118.0.5993.70, setWindowRect: true, strictFileInteractability: false, timeouts: {implicit: 0, pageLoad: 300000, script: 30000}, unhandledPromptBehavior: dismiss and notify, webauthn:extension:credBlob: true, webauthn:extension:largeBlob: true, webauthn:extension:minPinLength: true, webauthn:extension:prf: true, webauthn:virtualAuthenticators: true}
Session ID: 71db86b80e3fe60b1ab0fc37a5cf7ece">
      <![CDATA[org.openqa.selenium.NoSuchElementException: no such element: Unable to locate element: {"method":"xpath","selector":"//div[@id='3 year fixed rate savings account']//strong[1]"}
  (Session info: chrome=118.0.5993.70)
For documentation on this error, please visit: https://www.selenium.dev/documentation/webdriver/troubleshooting/errors#no-such-element-exception
Build info: version: '4.11.0', revision: '040bc5406b'
System info: os.name: 'Windows Server 2019', os.arch: 'amd64', os.version: '10.0', java.version: '17.0.1'
Driver info: org.openqa.selenium.chrome.ChromeDriver
Command: [71db86b80e3fe60b1ab0fc37a5cf7ece, findElement {using=xpath, value=//div[@id='3 year fixed rate savings account']//strong[1]}]
Capabilities {acceptInsecureCerts: false, browserName: chrome, browserVersion: 118.0.5993.70, chrome: {chromedriverVersion: 118.0.5993.70 (e52f33f30b91..., userDataDir: C:\Users\VASANT~1.KUL\AppDa...}, fedcm:accounts: true, goog:chromeOptions: {debuggerAddress: localhost:61855}, networkConnectionEnabled: false, pageLoadStrategy: normal, platformName: windows, proxy: Proxy(), se:cdp: ws://localhost:61855/devtoo..., se:cdpVersion: 118.0.5993.70, setWindowRect: true, strictFileInteractability: false, timeouts: {implicit: 0, pageLoad: 300000, script: 30000}, unhandledPromptBehavior: dismiss and notify, webauthn:extension:credBlob: true, webauthn:extension:largeBlob: true, webauthn:extension:minPinLength: true, webauthn:extension:prf: true, webauthn:virtualAuthenticators: true}
Session ID: 71db86b80e3fe60b1ab0fc37a5cf7ece
at org.openqa.selenium.remote.codec.w3c.W3CHttpResponseCodec.createException(W3CHttpResponseCodec.java:200)
at org.openqa.selenium.remote.codec.w3c.W3CHttpResponseCodec.decode(W3CHttpResponseCodec.java:133)
at org.openqa.selenium.remote.codec.w3c.W3CHttpResponseCodec.decode(W3CHttpResponseCodec.java:52)
at org.openqa.selenium.remote.HttpCommandExecutor.execute(HttpCommandExecutor.java:191)
at org.openqa.selenium.remote.service.DriverCommandExecutor.invokeExecute(DriverCommandExecutor.java:196)
at org.openqa.selenium.remote.service.DriverCommandExecutor.execute(DriverCommandExecutor.java:171)
at org.openqa.selenium.remote.RemoteWebDriver.execute(RemoteWebDriver.java:518)
at org.openqa.selenium.remote.ElementLocation$ElementFinder$2.findElement(ElementLocation.java:165)
at org.openqa.selenium.remote.ElementLocation.findElement(ElementLocation.java:59)
at org.openqa.selenium.remote.RemoteWebDriver.findElement(RemoteWebDriver.java:355)
at org.openqa.selenium.remote.RemoteWebDriver.findElement(RemoteWebDriver.java:349)
at org.openqa.selenium.support.pagefactory.DefaultElementLocator.findElement(DefaultElementLocator.java:68)
at org.openqa.selenium.support.pagefactory.internal.LocatingElementHandler.invoke(LocatingElementHandler.java:38)
at jdk.proxy2/jdk.proxy2.$Proxy29.getText(Unknown Source)
at pages.actions.PersonalSavingsAccountPageActions.getThreeYearFixedRateProductCardInterestValue(PersonalSavingsAccountPageActions.java:234)
at Savings_Feature_Steps.PersonalSavingsAccount_FixedRateSavingsAccountPageSteps.i_should_see_the_value_as_on_the_year_fixed_rate_account_card(PersonalSavingsAccount_FixedRateSavingsAccountPageSteps.java:187)
at ?.I should see the "Interest rate(*AER)" value as "5.30% Fixed" on the 3 year fixed rate account card(file:///C:/Users/Vasantrao.Kulkarni/eclipse-workspace/Co.uk_MVP_Release/src/test/resources/Savings_FeatureFiles/PersonalSavingsAccount.feature:117)
... Removed 4 stack frames]]>
    </failure>
  </testcase> <!-- runScenario -->
  <testcase classname="io.cucumber.testng.AbstractTestNGCucumberTests" name="runScenario" time="1.79"/>
  <testcase classname="io.cucumber.testng.AbstractTestNGCucumberTests" name="runScenario" time="1.818"/>
  <testcase classname="io.cucumber.testng.AbstractTestNGCucumberTests" name="runScenario" time="2.405">
    <failure type="org.openqa.selenium.NoSuchElementException" message="no such element: Unable to locate element: {&amp;quot;method&amp;quot;:&amp;quot;xpath&amp;quot;,&amp;quot;selector&amp;quot;:&amp;quot;//div[@id=&amp;apos;4 year fixed rate savings account&amp;apos;]//strong[1]&amp;quot;}
  (Session info: chrome=118.0.5993.70)
For documentation on this error, please visit: https://www.selenium.dev/documentation/webdriver/troubleshooting/errors#no-such-element-exception
Build info: version: &amp;apos;4.11.0&amp;apos;, revision: &amp;apos;040bc5406b&amp;apos;
System info: os.name: &amp;apos;Windows Server 2019&amp;apos;, os.arch: &amp;apos;amd64&amp;apos;, os.version: &amp;apos;10.0&amp;apos;, java.version: &amp;apos;17.0.1&amp;apos;
Driver info: org.openqa.selenium.chrome.ChromeDriver
Command: [71db86b80e3fe60b1ab0fc37a5cf7ece, findElement {using=xpath, value=//div[@id=&amp;apos;4 year fixed rate savings account&amp;apos;]//strong[1]}]
Capabilities {acceptInsecureCerts: false, browserName: chrome, browserVersion: 118.0.5993.70, chrome: {chromedriverVersion: 118.0.5993.70 (e52f33f30b91..., userDataDir: C:\Users\VASANT~1.KUL\AppDa...}, fedcm:accounts: true, goog:chromeOptions: {debuggerAddress: localhost:61855}, networkConnectionEnabled: false, pageLoadStrategy: normal, platformName: windows, proxy: Proxy(), se:cdp: ws://localhost:61855/devtoo..., se:cdpVersion: 118.0.5993.70, setWindowRect: true, strictFileInteractability: false, timeouts: {implicit: 0, pageLoad: 300000, script: 30000}, unhandledPromptBehavior: dismiss and notify, webauthn:extension:credBlob: true, webauthn:extension:largeBlob: true, webauthn:extension:minPinLength: true, webauthn:extension:prf: true, webauthn:virtualAuthenticators: true}
Session ID: 71db86b80e3fe60b1ab0fc37a5cf7ece">
      <![CDATA[org.openqa.selenium.NoSuchElementException: no such element: Unable to locate element: {"method":"xpath","selector":"//div[@id='4 year fixed rate savings account']//strong[1]"}
  (Session info: chrome=118.0.5993.70)
For documentation on this error, please visit: https://www.selenium.dev/documentation/webdriver/troubleshooting/errors#no-such-element-exception
Build info: version: '4.11.0', revision: '040bc5406b'
System info: os.name: 'Windows Server 2019', os.arch: 'amd64', os.version: '10.0', java.version: '17.0.1'
Driver info: org.openqa.selenium.chrome.ChromeDriver
Command: [71db86b80e3fe60b1ab0fc37a5cf7ece, findElement {using=xpath, value=//div[@id='4 year fixed rate savings account']//strong[1]}]
Capabilities {acceptInsecureCerts: false, browserName: chrome, browserVersion: 118.0.5993.70, chrome: {chromedriverVersion: 118.0.5993.70 (e52f33f30b91..., userDataDir: C:\Users\VASANT~1.KUL\AppDa...}, fedcm:accounts: true, goog:chromeOptions: {debuggerAddress: localhost:61855}, networkConnectionEnabled: false, pageLoadStrategy: normal, platformName: windows, proxy: Proxy(), se:cdp: ws://localhost:61855/devtoo..., se:cdpVersion: 118.0.5993.70, setWindowRect: true, strictFileInteractability: false, timeouts: {implicit: 0, pageLoad: 300000, script: 30000}, unhandledPromptBehavior: dismiss and notify, webauthn:extension:credBlob: true, webauthn:extension:largeBlob: true, webauthn:extension:minPinLength: true, webauthn:extension:prf: true, webauthn:virtualAuthenticators: true}
Session ID: 71db86b80e3fe60b1ab0fc37a5cf7ece
at org.openqa.selenium.remote.codec.w3c.W3CHttpResponseCodec.createException(W3CHttpResponseCodec.java:200)
at org.openqa.selenium.remote.codec.w3c.W3CHttpResponseCodec.decode(W3CHttpResponseCodec.java:133)
at org.openqa.selenium.remote.codec.w3c.W3CHttpResponseCodec.decode(W3CHttpResponseCodec.java:52)
at org.openqa.selenium.remote.HttpCommandExecutor.execute(HttpCommandExecutor.java:191)
at org.openqa.selenium.remote.service.DriverCommandExecutor.invokeExecute(DriverCommandExecutor.java:196)
at org.openqa.selenium.remote.service.DriverCommandExecutor.execute(DriverCommandExecutor.java:171)
at org.openqa.selenium.remote.RemoteWebDriver.execute(RemoteWebDriver.java:518)
at org.openqa.selenium.remote.ElementLocation$ElementFinder$2.findElement(ElementLocation.java:165)
at org.openqa.selenium.remote.ElementLocation.findElement(ElementLocation.java:59)
at org.openqa.selenium.remote.RemoteWebDriver.findElement(RemoteWebDriver.java:355)
at org.openqa.selenium.remote.RemoteWebDriver.findElement(RemoteWebDriver.java:349)
at org.openqa.selenium.support.pagefactory.DefaultElementLocator.findElement(DefaultElementLocator.java:68)
at org.openqa.selenium.support.pagefactory.internal.LocatingElementHandler.invoke(LocatingElementHandler.java:38)
at jdk.proxy2/jdk.proxy2.$Proxy29.getText(Unknown Source)
at pages.actions.PersonalSavingsAccountPageActions.getFourYearFixedRateProductCardInterestValue(PersonalSavingsAccountPageActions.java:265)
at Savings_Feature_Steps.PersonalSavingsAccount_FixedRateSavingsAccountPageSteps.i_should_see_the_value_as_on_the_year_fixed_rate_account_card(PersonalSavingsAccount_FixedRateSavingsAccountPageSteps.java:211)
at ?.I should see the "Interest rate(*AER)" value as "5.05% Fixed" on the 4 year fixed rate account card(file:///C:/Users/Vasantrao.Kulkarni/eclipse-workspace/Co.uk_MVP_Release/src/test/resources/Savings_FeatureFiles/PersonalSavingsAccount.feature:131)
... Removed 4 stack frames]]>
    </failure>
  </testcase> <!-- runScenario -->
  <testcase classname="io.cucumber.testng.AbstractTestNGCucumberTests" name="runScenario" time="1.842"/>
  <testcase classname="io.cucumber.testng.AbstractTestNGCucumberTests" name="runScenario" time="1.874"/>
  <testcase classname="io.cucumber.testng.AbstractTestNGCucumberTests" name="runScenario" time="2.089">
    <failure type="org.openqa.selenium.NoSuchElementException" message="no such element: Unable to locate element: {&amp;quot;method&amp;quot;:&amp;quot;xpath&amp;quot;,&amp;quot;selector&amp;quot;:&amp;quot;//div[@id=&amp;apos;5 year fixed rate savings account&amp;apos;]//strong[1]&amp;quot;}
  (Session info: chrome=118.0.5993.70)
For documentation on this error, please visit: https://www.selenium.dev/documentation/webdriver/troubleshooting/errors#no-such-element-exception
Build info: version: &amp;apos;4.11.0&amp;apos;, revision: &amp;apos;040bc5406b&amp;apos;
System info: os.name: &amp;apos;Windows Server 2019&amp;apos;, os.arch: &amp;apos;amd64&amp;apos;, os.version: &amp;apos;10.0&amp;apos;, java.version: &amp;apos;17.0.1&amp;apos;
Driver info: org.openqa.selenium.chrome.ChromeDriver
Command: [71db86b80e3fe60b1ab0fc37a5cf7ece, findElement {using=xpath, value=//div[@id=&amp;apos;5 year fixed rate savings account&amp;apos;]//strong[1]}]
Capabilities {acceptInsecureCerts: false, browserName: chrome, browserVersion: 118.0.5993.70, chrome: {chromedriverVersion: 118.0.5993.70 (e52f33f30b91..., userDataDir: C:\Users\VASANT~1.KUL\AppDa...}, fedcm:accounts: true, goog:chromeOptions: {debuggerAddress: localhost:61855}, networkConnectionEnabled: false, pageLoadStrategy: normal, platformName: windows, proxy: Proxy(), se:cdp: ws://localhost:61855/devtoo..., se:cdpVersion: 118.0.5993.70, setWindowRect: true, strictFileInteractability: false, timeouts: {implicit: 0, pageLoad: 300000, script: 30000}, unhandledPromptBehavior: dismiss and notify, webauthn:extension:credBlob: true, webauthn:extension:largeBlob: true, webauthn:extension:minPinLength: true, webauthn:extension:prf: true, webauthn:virtualAuthenticators: true}
Session ID: 71db86b80e3fe60b1ab0fc37a5cf7ece">
      <![CDATA[org.openqa.selenium.NoSuchElementException: no such element: Unable to locate element: {"method":"xpath","selector":"//div[@id='5 year fixed rate savings account']//strong[1]"}
  (Session info: chrome=118.0.5993.70)
For documentation on this error, please visit: https://www.selenium.dev/documentation/webdriver/troubleshooting/errors#no-such-element-exception
Build info: version: '4.11.0', revision: '040bc5406b'
System info: os.name: 'Windows Server 2019', os.arch: 'amd64', os.version: '10.0', java.version: '17.0.1'
Driver info: org.openqa.selenium.chrome.ChromeDriver
Command: [71db86b80e3fe60b1ab0fc37a5cf7ece, findElement {using=xpath, value=//div[@id='5 year fixed rate savings account']//strong[1]}]
Capabilities {acceptInsecureCerts: false, browserName: chrome, browserVersion: 118.0.5993.70, chrome: {chromedriverVersion: 118.0.5993.70 (e52f33f30b91..., userDataDir: C:\Users\VASANT~1.KUL\AppDa...}, fedcm:accounts: true, goog:chromeOptions: {debuggerAddress: localhost:61855}, networkConnectionEnabled: false, pageLoadStrategy: normal, platformName: windows, proxy: Proxy(), se:cdp: ws://localhost:61855/devtoo..., se:cdpVersion: 118.0.5993.70, setWindowRect: true, strictFileInteractability: false, timeouts: {implicit: 0, pageLoad: 300000, script: 30000}, unhandledPromptBehavior: dismiss and notify, webauthn:extension:credBlob: true, webauthn:extension:largeBlob: true, webauthn:extension:minPinLength: true, webauthn:extension:prf: true, webauthn:virtualAuthenticators: true}
Session ID: 71db86b80e3fe60b1ab0fc37a5cf7ece
at org.openqa.selenium.remote.codec.w3c.W3CHttpResponseCodec.createException(W3CHttpResponseCodec.java:200)
at org.openqa.selenium.remote.codec.w3c.W3CHttpResponseCodec.decode(W3CHttpResponseCodec.java:133)
at org.openqa.selenium.remote.codec.w3c.W3CHttpResponseCodec.decode(W3CHttpResponseCodec.java:52)
at org.openqa.selenium.remote.HttpCommandExecutor.execute(HttpCommandExecutor.java:191)
at org.openqa.selenium.remote.service.DriverCommandExecutor.invokeExecute(DriverCommandExecutor.java:196)
at org.openqa.selenium.remote.service.DriverCommandExecutor.execute(DriverCommandExecutor.java:171)
at org.openqa.selenium.remote.RemoteWebDriver.execute(RemoteWebDriver.java:518)
at org.openqa.selenium.remote.ElementLocation$ElementFinder$2.findElement(ElementLocation.java:165)
at org.openqa.selenium.remote.ElementLocation.findElement(ElementLocation.java:59)
at org.openqa.selenium.remote.RemoteWebDriver.findElement(RemoteWebDriver.java:355)
at org.openqa.selenium.remote.RemoteWebDriver.findElement(RemoteWebDriver.java:349)
at org.openqa.selenium.support.pagefactory.DefaultElementLocator.findElement(DefaultElementLocator.java:68)
at org.openqa.selenium.support.pagefactory.internal.LocatingElementHandler.invoke(LocatingElementHandler.java:38)
at jdk.proxy2/jdk.proxy2.$Proxy29.getText(Unknown Source)
at pages.actions.PersonalSavingsAccountPageActions.getFiveYearFixedRateProductCardInterestValue(PersonalSavingsAccountPageActions.java:295)
at Savings_Feature_Steps.PersonalSavingsAccount_FixedRateSavingsAccountPageSteps.i_should_see_the_value_as_on_the_year_fixed_rate_account_card(PersonalSavingsAccount_FixedRateSavingsAccountPageSteps.java:235)
at ?.I should see the "Interest rate(*AER)" value as "5.05% Fixed" on the 5 year fixed rate account card(file:///C:/Users/Vasantrao.Kulkarni/eclipse-workspace/Co.uk_MVP_Release/src/test/resources/Savings_FeatureFiles/PersonalSavingsAccount.feature:145)
... Removed 4 stack frames]]>
    </failure>
  </testcase> <!-- runScenario -->
  <testcase classname="io.cucumber.testng.AbstractTestNGCucumberTests" name="runScenario" time="1.825"/>
  <testcase classname="io.cucumber.testng.AbstractTestNGCucumberTests" name="runScenario" time="1.954"/>
  <testcase classname="io.cucumber.testng.AbstractTestNGCucumberTests" name="runScenario" time="1.968">
    <failure type="java.lang.AssertionError" message="expected [5.50% Fixed] but found [5.30% Fixed]">
      <![CDATA[java.lang.AssertionError: expected [5.50% Fixed] but found [5.30% Fixed]
at Savings_Feature_Steps.Savings_PersonalSavingsAccountPageSteps.i_should_see_the_displayed_on_the_year_fixed_rate_cash_isa_card(Savings_PersonalSavingsAccountPageSteps.java:400)
at ?.I should see the "Interest rate(*AER)" value as "5.50% Fixed" on the 1 year fixed rate cash ISA card(file:///C:/Users/Vasantrao.Kulkarni/eclipse-workspace/Co.uk_MVP_Release/src/test/resources/Savings_FeatureFiles/PersonalSavingsAccount.feature:159)
... Removed 6 stack frames]]>
    </failure>
  </testcase> <!-- runScenario -->
  <testcase classname="io.cucumber.testng.AbstractTestNGCucumberTests" name="runScenario" time="1.844"/>
  <testcase classname="io.cucumber.testng.AbstractTestNGCucumberTests" name="runScenario" time="1.801"/>
  <testcase classname="io.cucumber.testng.AbstractTestNGCucumberTests" name="runScenario" time="1.963">
    <failure type="java.lang.AssertionError" message="expected [5.30% Fixed] but found [5.00% Fixed]">
      <![CDATA[java.lang.AssertionError: expected [5.30% Fixed] but found [5.00% Fixed]
at Savings_Feature_Steps.Savings_PersonalSavingsAccountPageSteps.i_should_see_the_displayed_on_the_year_fixed_rate_cash_isa_card(Savings_PersonalSavingsAccountPageSteps.java:424)
at ?.I should see the "Interest rate(*AER)" value as "5.30% Fixed" on the 2 year fixed rate cash ISA card(file:///C:/Users/Vasantrao.Kulkarni/eclipse-workspace/Co.uk_MVP_Release/src/test/resources/Savings_FeatureFiles/PersonalSavingsAccount.feature:173)
... Removed 6 stack frames]]>
    </failure>
  </testcase> <!-- runScenario -->
  <testcase classname="io.cucumber.testng.AbstractTestNGCucumberTests" name="runScenario" time="2.009"/>
  <testcase classname="io.cucumber.testng.AbstractTestNGCucumberTests" name="runScenario" time="1.868"/>
  <testcase classname="io.cucumber.testng.AbstractTestNGCucumberTests" name="runScenario" time="1.935">
    <failure type="java.lang.AssertionError" message="expected [5.10% Fixed] but found [4.70% Fixed]">
      <![CDATA[java.lang.AssertionError: expected [5.10% Fixed] but found [4.70% Fixed]
at Savings_Feature_Steps.Savings_PersonalSavingsAccountPageSteps.i_should_see_the_displayed_on_the_year_fixed_rate_cash_isa_card(Savings_PersonalSavingsAccountPageSteps.java:448)
at ?.I should see the "Interest rate(*AER)" value as "5.10% Fixed" on the 3 year fixed rate cash ISA card(file:///C:/Users/Vasantrao.Kulkarni/eclipse-workspace/Co.uk_MVP_Release/src/test/resources/Savings_FeatureFiles/PersonalSavingsAccount.feature:187)
... Removed 6 stack frames]]>
    </failure>
  </testcase> <!-- runScenario -->
  <testcase classname="io.cucumber.testng.AbstractTestNGCucumberTests" name="runScenario" time="1.963"/>
  <testcase classname="io.cucumber.testng.AbstractTestNGCucumberTests" name="runScenario" time="1.801"/>
  <testcase classname="io.cucumber.testng.AbstractTestNGCucumberTests" name="runScenario" time="1.893"/>
  <testcase classname="io.cucumber.testng.AbstractTestNGCucumberTests" name="runScenario" time="1.998"/>
  <testcase classname="io.cucumber.testng.AbstractTestNGCucumberTests" name="runScenario" time="1.851"/>
  <testcase classname="io.cucumber.testng.AbstractTestNGCucumberTests" name="runScenario" time="1.993"/>
  <testcase classname="io.cucumber.testng.AbstractTestNGCucumberTests" name="runScenario" time="1.909"/>
  <testcase classname="io.cucumber.testng.AbstractTestNGCucumberTests" name="runScenario" time="2.072"/>
  <testcase classname="io.cucumber.testng.AbstractTestNGCucumberTests" name="runScenario" time="2.408"/>
  <testcase classname="io.cucumber.testng.AbstractTestNGCucumberTests" name="runScenario" time="2.553"/>
  <testcase classname="io.cucumber.testng.AbstractTestNGCucumberTests" name="runScenario" time="2.4"/>
  <testcase classname="io.cucumber.testng.AbstractTestNGCucumberTests" name="runScenario" time="2.494"/>
  <testcase classname="io.cucumber.testng.AbstractTestNGCucumberTests" name="runScenario" time="2.365"/>
  <testcase classname="io.cucumber.testng.AbstractTestNGCucumberTests" name="runScenario" time="2.386"/>
  <testcase classname="io.cucumber.testng.AbstractTestNGCucumberTests" name="runScenario" time="2.481"/>
  <testcase classname="io.cucumber.testng.AbstractTestNGCucumberTests" name="runScenario" time="2.484"/>
  <testcase classname="io.cucumber.testng.AbstractTestNGCucumberTests" name="runScenario" time="2.352"/>
  <testcase classname="io.cucumber.testng.AbstractTestNGCucumberTests" name="runScenario" time="2.355"/>
  <testcase classname="io.cucumber.testng.AbstractTestNGCucumberTests" name="runScenario" time="2.419"/>
  <testcase classname="io.cucumber.testng.AbstractTestNGCucumberTests" name="runScenario" time="2.443"/>
  <testcase classname="io.cucumber.testng.AbstractTestNGCucumberTests" name="runScenario" time="2.479"/>
  <testcase classname="io.cucumber.testng.AbstractTestNGCucumberTests" name="runScenario" time="1.592"/>
  <testcase classname="io.cucumber.testng.AbstractTestNGCucumberTests" name="runScenario" time="7.499"/>
  <testcase classname="io.cucumber.testng.AbstractTestNGCucumberTests" name="runScenario" time="5.084">
    <failure type="org.openqa.selenium.ElementClickInterceptedException" message="element click intercepted: Element is not clickable at point (1180, 588)
  (Session info: chrome=118.0.5993.70)
Build info: version: &amp;apos;4.11.0&amp;apos;, revision: &amp;apos;040bc5406b&amp;apos;
System info: os.name: &amp;apos;Windows Server 2019&amp;apos;, os.arch: &amp;apos;amd64&amp;apos;, os.version: &amp;apos;10.0&amp;apos;, java.version: &amp;apos;17.0.1&amp;apos;
Driver info: org.openqa.selenium.chrome.ChromeDriver
Command: [71db86b80e3fe60b1ab0fc37a5cf7ece, clickElement {id=F0F9E9BE4AC2F26E4176D3F99CD60D69_element_12}]
Capabilities {acceptInsecureCerts: false, browserName: chrome, browserVersion: 118.0.5993.70, chrome: {chromedriverVersion: 118.0.5993.70 (e52f33f30b91..., userDataDir: C:\Users\VASANT~1.KUL\AppDa...}, fedcm:accounts: true, goog:chromeOptions: {debuggerAddress: localhost:61855}, networkConnectionEnabled: false, pageLoadStrategy: normal, platformName: windows, proxy: Proxy(), se:cdp: ws://localhost:61855/devtoo..., se:cdpVersion: 118.0.5993.70, setWindowRect: true, strictFileInteractability: false, timeouts: {implicit: 0, pageLoad: 300000, script: 30000}, unhandledPromptBehavior: dismiss and notify, webauthn:extension:credBlob: true, webauthn:extension:largeBlob: true, webauthn:extension:minPinLength: true, webauthn:extension:prf: true, webauthn:virtualAuthenticators: true}
Element: [[ChromeDriver: chrome on windows (71db86b80e3fe60b1ab0fc37a5cf7ece)] -&amp;gt; xpath: //button[@id=&amp;apos;onetrust-accept-btn-handler&amp;apos;]]
Session ID: 71db86b80e3fe60b1ab0fc37a5cf7ece">
      <![CDATA[org.openqa.selenium.ElementClickInterceptedException: element click intercepted: Element is not clickable at point (1180, 588)
  (Session info: chrome=118.0.5993.70)
Build info: version: '4.11.0', revision: '040bc5406b'
System info: os.name: 'Windows Server 2019', os.arch: 'amd64', os.version: '10.0', java.version: '17.0.1'
Driver info: org.openqa.selenium.chrome.ChromeDriver
Command: [71db86b80e3fe60b1ab0fc37a5cf7ece, clickElement {id=F0F9E9BE4AC2F26E4176D3F99CD60D69_element_12}]
Capabilities {acceptInsecureCerts: false, browserName: chrome, browserVersion: 118.0.5993.70, chrome: {chromedriverVersion: 118.0.5993.70 (e52f33f30b91..., userDataDir: C:\Users\VASANT~1.KUL\AppDa...}, fedcm:accounts: true, goog:chromeOptions: {debuggerAddress: localhost:61855}, networkConnectionEnabled: false, pageLoadStrategy: normal, platformName: windows, proxy: Proxy(), se:cdp: ws://localhost:61855/devtoo..., se:cdpVersion: 118.0.5993.70, setWindowRect: true, strictFileInteractability: false, timeouts: {implicit: 0, pageLoad: 300000, script: 30000}, unhandledPromptBehavior: dismiss and notify, webauthn:extension:credBlob: true, webauthn:extension:largeBlob: true, webauthn:extension:minPinLength: true, webauthn:extension:prf: true, webauthn:virtualAuthenticators: true}
Element: [[ChromeDriver: chrome on windows (71db86b80e3fe60b1ab0fc37a5cf7ece)] -> xpath: //button[@id='onetrust-accept-btn-handler']]
Session ID: 71db86b80e3fe60b1ab0fc37a5cf7ece
at org.openqa.selenium.remote.codec.w3c.W3CHttpResponseCodec.createException(W3CHttpResponseCodec.java:200)
at org.openqa.selenium.remote.codec.w3c.W3CHttpResponseCodec.decode(W3CHttpResponseCodec.java:133)
at org.openqa.selenium.remote.codec.w3c.W3CHttpResponseCodec.decode(W3CHttpResponseCodec.java:52)
at org.openqa.selenium.remote.HttpCommandExecutor.execute(HttpCommandExecutor.java:191)
at org.openqa.selenium.remote.service.DriverCommandExecutor.invokeExecute(DriverCommandExecutor.java:196)
at org.openqa.selenium.remote.service.DriverCommandExecutor.execute(DriverCommandExecutor.java:171)
at org.openqa.selenium.remote.RemoteWebDriver.execute(RemoteWebDriver.java:518)
at org.openqa.selenium.remote.RemoteWebElement.execute(RemoteWebElement.java:224)
at org.openqa.selenium.remote.RemoteWebElement.click(RemoteWebElement.java:77)
at org.openqa.selenium.support.pagefactory.internal.LocatingElementHandler.invoke(LocatingElementHandler.java:51)
at jdk.proxy2/jdk.proxy2.$Proxy29.click(Unknown Source)
at pages.actions.PersonalSavingsAccountPageActions.clickAcceptCookiesLink(PersonalSavingsAccountPageActions.java:559)
at Savings_Feature_Steps.Savings_PersonalSavingsAccountPageSteps.i_should_be_able_to_click_on_the_link(Savings_PersonalSavingsAccountPageSteps.java:734)
at ?.I should be able to click on the "Existing customer log in" link(file:///C:/Users/Vasantrao.Kulkarni/eclipse-workspace/Co.uk_MVP_Release/src/test/resources/Savings_FeatureFiles/PersonalSavingsAccount.feature:262)
... Removed 8 stack frames]]>
    </failure>
  </testcase> <!-- runScenario -->
  <testcase classname="io.cucumber.testng.AbstractTestNGCucumberTests" name="runScenario" time="3.538"/>
  <testcase classname="io.cucumber.testng.AbstractTestNGCucumberTests" name="runScenario" time="20.829">
    <failure type="java.lang.AssertionError" message="expected [Apply for a 2 Year Fixed Rate Cash ISA | Aldermore Bank] but found [Apply for a 1 Year Fixed Rate Cash ISA | Aldermore Bank]">
      <![CDATA[java.lang.AssertionError: expected [Apply for a 2 Year Fixed Rate Cash ISA | Aldermore Bank] but found [Apply for a 1 Year Fixed Rate Cash ISA | Aldermore Bank]
at Savings_Feature_Steps.PS_EasyAccessAccountSavings_ProductCardSteps.i_am_redirected_to_account_opening_form_page(PS_EasyAccessAccountSavings_ProductCardSteps.java:71)
at ?.I am redirected to account opening form page(file:///C:/Users/Vasantrao.Kulkarni/eclipse-workspace/Co.uk_MVP_Release/src/test/resources/Savings_FeatureFiles/PersonalSavingsAccount_CashISA_OneYearFixedRateCashISA.feature:26)
... Removed 6 stack frames]]>
    </failure>
  </testcase> <!-- runScenario -->
  <testcase classname="io.cucumber.testng.AbstractTestNGCucumberTests" name="runScenario" time="3.423">
    <failure type="java.lang.AssertionError" message="expected [5.40%] but found [5.30%]">
      <![CDATA[java.lang.AssertionError: expected [5.40%] but found [5.30%]
at Savings_Feature_Steps.PersonalSavingsAccount_CashISA_OneYearFixedRateCashISA.i_should_see_the_value_as_on_the_year_fixed_rate_cash_isa_product_card(PersonalSavingsAccount_CashISA_OneYearFixedRateCashISA.java:99)
at ?.I should see the "Interest rate(*AER)" value as "5.40%" on the One Year Fixed Rate Cash ISA Product Card(file:///C:/Users/Vasantrao.Kulkarni/eclipse-workspace/Co.uk_MVP_Release/src/test/resources/Savings_FeatureFiles/PersonalSavingsAccount_CashISA_OneYearFixedRateCashISA.feature:37)
... Removed 6 stack frames]]>
    </failure>
  </testcase> <!-- runScenario -->
  <testcase classname="io.cucumber.testng.AbstractTestNGCucumberTests" name="runScenario" time="3.69"/>
  <testcase classname="io.cucumber.testng.AbstractTestNGCucumberTests" name="runScenario" time="3.391"/>
  <testcase classname="io.cucumber.testng.AbstractTestNGCucumberTests" name="runScenario" time="3.426">
    <failure type="java.lang.AssertionError" message="expected [5.27%] but found [5.18%]">
      <![CDATA[java.lang.AssertionError: expected [5.27%] but found [5.18%]
at Savings_Feature_Steps.PersonalSavingsAccount_CashISA_OneYearFixedRateCashISA.i_should_see_the_value_as_on_the_year_fixed_rate_cash_isa_product_card(PersonalSavingsAccount_CashISA_OneYearFixedRateCashISA.java:99)
at ?.I should see the "Gross monthly interest" value as "5.27%" on the One Year Fixed Rate Cash ISA Product Card(file:///C:/Users/Vasantrao.Kulkarni/eclipse-workspace/Co.uk_MVP_Release/src/test/resources/Savings_FeatureFiles/PersonalSavingsAccount_CashISA_OneYearFixedRateCashISA.feature:37)
... Removed 6 stack frames]]>
    </failure>
  </testcase> <!-- runScenario -->
  <testcase classname="io.cucumber.testng.AbstractTestNGCucumberTests" name="runScenario" time="3.499">
    <failure type="java.lang.AssertionError" message="expected [5.40%] but found [5.30%]">
      <![CDATA[java.lang.AssertionError: expected [5.40%] but found [5.30%]
at Savings_Feature_Steps.PersonalSavingsAccount_CashISA_OneYearFixedRateCashISA.i_should_see_the_value_as_on_the_year_fixed_rate_cash_isa_product_card(PersonalSavingsAccount_CashISA_OneYearFixedRateCashISA.java:99)
at ?.I should see the "Gross annual interest" value as "5.40%" on the One Year Fixed Rate Cash ISA Product Card(file:///C:/Users/Vasantrao.Kulkarni/eclipse-workspace/Co.uk_MVP_Release/src/test/resources/Savings_FeatureFiles/PersonalSavingsAccount_CashISA_OneYearFixedRateCashISA.feature:37)
... Removed 6 stack frames]]>
    </failure>
  </testcase> <!-- runScenario -->
  <testcase classname="io.cucumber.testng.AbstractTestNGCucumberTests" name="runScenario" time="3.729"/>
  <testcase classname="io.cucumber.testng.AbstractTestNGCucumberTests" name="runScenario" time="4.235"/>
  <testcase classname="io.cucumber.testng.AbstractTestNGCucumberTests" name="runScenario" time="2.85"/>
  <testcase classname="io.cucumber.testng.AbstractTestNGCucumberTests" name="runScenario" time="2.966"/>
  <testcase classname="io.cucumber.testng.AbstractTestNGCucumberTests" name="runScenario" time="3.567"/>
  <testcase classname="io.cucumber.testng.AbstractTestNGCucumberTests" name="runScenario" time="3.45"/>
  <testcase classname="io.cucumber.testng.AbstractTestNGCucumberTests" name="runScenario" time="4.306"/>
  <testcase classname="io.cucumber.testng.AbstractTestNGCucumberTests" name="runScenario" time="3.4"/>
  <testcase classname="io.cucumber.testng.AbstractTestNGCucumberTests" name="runScenario" time="3.547"/>
  <testcase classname="io.cucumber.testng.AbstractTestNGCucumberTests" name="runScenario" time="4.421"/>
  <testcase classname="io.cucumber.testng.AbstractTestNGCucumberTests" name="runScenario" time="3.802"/>
  <testcase classname="io.cucumber.testng.AbstractTestNGCucumberTests" name="runScenario" time="4.0"/>
  <testcase classname="io.cucumber.testng.AbstractTestNGCucumberTests" name="runScenario" time="3.739"/>
  <testcase classname="io.cucumber.testng.AbstractTestNGCucumberTests" name="runScenario" time="3.383"/>
  <testcase classname="io.cucumber.testng.AbstractTestNGCucumberTests" name="runScenario" time="3.353"/>
  <testcase classname="io.cucumber.testng.AbstractTestNGCucumberTests" name="runScenario" time="3.326"/>
  <testcase classname="io.cucumber.testng.AbstractTestNGCucumberTests" name="runScenario" time="3.563"/>
  <testcase classname="io.cucumber.testng.AbstractTestNGCucumberTests" name="runScenario" time="3.707"/>
  <testcase classname="io.cucumber.testng.AbstractTestNGCucumberTests" name="runScenario" time="14.978"/>
  <testcase classname="io.cucumber.testng.AbstractTestNGCucumberTests" name="runScenario" time="2.749"/>
  <testcase classname="io.cucumber.testng.AbstractTestNGCucumberTests" name="runScenario" time="2.664"/>
  <testcase classname="io.cucumber.testng.AbstractTestNGCucumberTests" name="runScenario" time="3.246"/>
  <testcase classname="io.cucumber.testng.AbstractTestNGCucumberTests" name="runScenario" time="3.203"/>
  <testcase classname="io.cucumber.testng.AbstractTestNGCucumberTests" name="runScenario" time="3.631"/>
  <testcase classname="io.cucumber.testng.AbstractTestNGCucumberTests" name="runScenario" time="3.122"/>
  <testcase classname="io.cucumber.testng.AbstractTestNGCucumberTests" name="runScenario" time="15.282"/>
  <testcase classname="io.cucumber.testng.AbstractTestNGCucumberTests" name="runScenario" time="2.797"/>
  <testcase classname="io.cucumber.testng.AbstractTestNGCucumberTests" name="runScenario" time="15.316"/>
  <testcase classname="io.cucumber.testng.AbstractTestNGCucumberTests" name="runScenario" time="3.767">
    <failure type="java.lang.AssertionError" message="expected [5.00%] but found [4.70%]">
      <![CDATA[java.lang.AssertionError: expected [5.00%] but found [4.70%]
at Savings_Feature_Steps.PersonalSavingsAccount_CashISA_ThreeYearFixedRateCashISA.i_should_see_the_value_as_on_the_three_year_fixed_rate_cash_isa_product_card(PersonalSavingsAccount_CashISA_ThreeYearFixedRateCashISA.java:102)
at ?.I should see the "Interest rate(*AER)" value as "5.00%" on the Three Year Fixed Rate Cash ISA Product Card(file:///C:/Users/Vasantrao.Kulkarni/eclipse-workspace/Co.uk_MVP_Release/src/test/resources/Savings_FeatureFiles/PersonalSavingsAccount_CashISA_ThreeYearFixedRateCashISA.feature:37)
... Removed 6 stack frames]]>
    </failure>
  </testcase> <!-- runScenario -->
  <testcase classname="io.cucumber.testng.AbstractTestNGCucumberTests" name="runScenario" time="3.371"/>
  <testcase classname="io.cucumber.testng.AbstractTestNGCucumberTests" name="runScenario" time="2.892"/>
  <testcase classname="io.cucumber.testng.AbstractTestNGCucumberTests" name="runScenario" time="15.34">
    <failure type="java.lang.AssertionError" message="expected [4.89%] but found [4.60%]">
      <![CDATA[java.lang.AssertionError: expected [4.89%] but found [4.60%]
at Savings_Feature_Steps.PersonalSavingsAccount_CashISA_ThreeYearFixedRateCashISA.i_should_see_the_value_as_on_the_three_year_fixed_rate_cash_isa_product_card(PersonalSavingsAccount_CashISA_ThreeYearFixedRateCashISA.java:102)
at ?.I should see the "Gross monthly interest" value as "4.89%" on the Three Year Fixed Rate Cash ISA Product Card(file:///C:/Users/Vasantrao.Kulkarni/eclipse-workspace/Co.uk_MVP_Release/src/test/resources/Savings_FeatureFiles/PersonalSavingsAccount_CashISA_ThreeYearFixedRateCashISA.feature:37)
... Removed 6 stack frames]]>
    </failure>
  </testcase> <!-- runScenario -->
  <testcase classname="io.cucumber.testng.AbstractTestNGCucumberTests" name="runScenario" time="3.008">
    <failure type="java.lang.AssertionError" message="expected [5.00%] but found [4.70%]">
      <![CDATA[java.lang.AssertionError: expected [5.00%] but found [4.70%]
at Savings_Feature_Steps.PersonalSavingsAccount_CashISA_ThreeYearFixedRateCashISA.i_should_see_the_value_as_on_the_three_year_fixed_rate_cash_isa_product_card(PersonalSavingsAccount_CashISA_ThreeYearFixedRateCashISA.java:102)
at ?.I should see the "Gross annual interest" value as "5.00%" on the Three Year Fixed Rate Cash ISA Product Card(file:///C:/Users/Vasantrao.Kulkarni/eclipse-workspace/Co.uk_MVP_Release/src/test/resources/Savings_FeatureFiles/PersonalSavingsAccount_CashISA_ThreeYearFixedRateCashISA.feature:37)
... Removed 6 stack frames]]>
    </failure>
  </testcase> <!-- runScenario -->
  <testcase classname="io.cucumber.testng.AbstractTestNGCucumberTests" name="runScenario" time="3.161"/>
  <testcase classname="io.cucumber.testng.AbstractTestNGCucumberTests" name="runScenario" time="14.244"/>
  <testcase classname="io.cucumber.testng.AbstractTestNGCucumberTests" name="runScenario" time="2.577"/>
  <testcase classname="io.cucumber.testng.AbstractTestNGCucumberTests" name="runScenario" time="2.652"/>
  <testcase classname="io.cucumber.testng.AbstractTestNGCucumberTests" name="runScenario" time="3.305"/>
  <testcase classname="io.cucumber.testng.AbstractTestNGCucumberTests" name="runScenario" time="3.193"/>
  <testcase classname="io.cucumber.testng.AbstractTestNGCucumberTests" name="runScenario" time="3.666"/>
  <testcase classname="io.cucumber.testng.AbstractTestNGCucumberTests" name="runScenario" time="3.073"/>
  <testcase classname="io.cucumber.testng.AbstractTestNGCucumberTests" name="runScenario" time="3.252"/>
  <testcase classname="io.cucumber.testng.AbstractTestNGCucumberTests" name="runScenario" time="15.066"/>
  <testcase classname="io.cucumber.testng.AbstractTestNGCucumberTests" name="runScenario" time="2.623"/>
  <testcase classname="io.cucumber.testng.AbstractTestNGCucumberTests" name="runScenario" time="15.109"/>
  <testcase classname="io.cucumber.testng.AbstractTestNGCucumberTests" name="runScenario" time="3.089">
    <failure type="java.lang.AssertionError" message="expected [5.20%] but found [5.00%]">
      <![CDATA[java.lang.AssertionError: expected [5.20%] but found [5.00%]
at Savings_Feature_Steps.PersonalSavingsAccount_CashISA_TwoYearFixedRateCashISA.i_should_see_the_value_as_on_the_two_year_fixed_rate_cash_isa_product_card(PersonalSavingsAccount_CashISA_TwoYearFixedRateCashISA.java:106)
at ?.I should see the "Interest rate(*AER)" value as "5.20%" on the Two Year Fixed Rate Cash ISA Product Card(file:///C:/Users/Vasantrao.Kulkarni/eclipse-workspace/Co.uk_MVP_Release/src/test/resources/Savings_FeatureFiles/PersonalSavingsAccount_CashISA_TwoYearFixedRateCashISA.feature:37)
... Removed 6 stack frames]]>
    </failure>
  </testcase> <!-- runScenario -->
  <testcase classname="io.cucumber.testng.AbstractTestNGCucumberTests" name="runScenario" time="3.26"/>
  <testcase classname="io.cucumber.testng.AbstractTestNGCucumberTests" name="runScenario" time="2.89"/>
  <testcase classname="io.cucumber.testng.AbstractTestNGCucumberTests" name="runScenario" time="2.936">
    <failure type="java.lang.AssertionError" message="expected [5.08%] but found [4.89%]">
      <![CDATA[java.lang.AssertionError: expected [5.08%] but found [4.89%]
at Savings_Feature_Steps.PersonalSavingsAccount_CashISA_TwoYearFixedRateCashISA.i_should_see_the_value_as_on_the_two_year_fixed_rate_cash_isa_product_card(PersonalSavingsAccount_CashISA_TwoYearFixedRateCashISA.java:106)
at ?.I should see the "Gross monthly interest" value as "5.08%" on the Two Year Fixed Rate Cash ISA Product Card(file:///C:/Users/Vasantrao.Kulkarni/eclipse-workspace/Co.uk_MVP_Release/src/test/resources/Savings_FeatureFiles/PersonalSavingsAccount_CashISA_TwoYearFixedRateCashISA.feature:37)
... Removed 6 stack frames]]>
    </failure>
  </testcase> <!-- runScenario -->
  <testcase classname="io.cucumber.testng.AbstractTestNGCucumberTests" name="runScenario" time="2.947">
    <failure type="java.lang.AssertionError" message="expected [5.20%] but found [5.00%]">
      <![CDATA[java.lang.AssertionError: expected [5.20%] but found [5.00%]
at Savings_Feature_Steps.PersonalSavingsAccount_CashISA_TwoYearFixedRateCashISA.i_should_see_the_value_as_on_the_two_year_fixed_rate_cash_isa_product_card(PersonalSavingsAccount_CashISA_TwoYearFixedRateCashISA.java:106)
at ?.I should see the "Gross annual interest" value as "5.20%" on the Two Year Fixed Rate Cash ISA Product Card(file:///C:/Users/Vasantrao.Kulkarni/eclipse-workspace/Co.uk_MVP_Release/src/test/resources/Savings_FeatureFiles/PersonalSavingsAccount_CashISA_TwoYearFixedRateCashISA.feature:37)
... Removed 6 stack frames]]>
    </failure>
  </testcase> <!-- runScenario -->
  <testcase classname="io.cucumber.testng.AbstractTestNGCucumberTests" name="runScenario" time="3.096"/>
  <testcase classname="io.cucumber.testng.AbstractTestNGCucumberTests" name="runScenario" time="3.377"/>
  <testcase classname="io.cucumber.testng.AbstractTestNGCucumberTests" name="runScenario" time="2.605"/>
  <testcase classname="io.cucumber.testng.AbstractTestNGCucumberTests" name="runScenario" time="2.649"/>
  <testcase classname="io.cucumber.testng.AbstractTestNGCucumberTests" name="runScenario" time="3.332"/>
  <testcase classname="io.cucumber.testng.AbstractTestNGCucumberTests" name="runScenario" time="3.07"/>
  <testcase classname="io.cucumber.testng.AbstractTestNGCucumberTests" name="runScenario" time="3.672"/>
  <testcase classname="io.cucumber.testng.AbstractTestNGCucumberTests" name="runScenario" time="3.015"/>
  <testcase classname="io.cucumber.testng.AbstractTestNGCucumberTests" name="runScenario" time="3.012"/>
  <testcase classname="io.cucumber.testng.AbstractTestNGCucumberTests" name="runScenario" time="3.543"/>
  <testcase classname="io.cucumber.testng.AbstractTestNGCucumberTests" name="runScenario" time="2.14"/>
  <testcase classname="io.cucumber.testng.AbstractTestNGCucumberTests" name="runScenario" time="1.668"/>
  <testcase classname="io.cucumber.testng.AbstractTestNGCucumberTests" name="runScenario" time="1.613"/>
  <testcase classname="io.cucumber.testng.AbstractTestNGCucumberTests" name="runScenario" time="1.535"/>
  <testcase classname="io.cucumber.testng.AbstractTestNGCucumberTests" name="runScenario" time="1.64"/>
  <testcase classname="io.cucumber.testng.AbstractTestNGCucumberTests" name="runScenario" time="2.276"/>
  <testcase classname="io.cucumber.testng.AbstractTestNGCucumberTests" name="runScenario" time="2.609"/>
  <testcase classname="io.cucumber.testng.AbstractTestNGCucumberTests" name="runScenario" time="1.651"/>
  <testcase classname="io.cucumber.testng.AbstractTestNGCucumberTests" name="runScenario" time="2.486"/>
  <testcase classname="io.cucumber.testng.AbstractTestNGCucumberTests" name="runScenario" time="2.555"/>
  <testcase classname="io.cucumber.testng.AbstractTestNGCucumberTests" name="runScenario" time="2.691">
    <failure type="java.lang.AssertionError" message="Invalid page expected [true] but found [false]">
      <![CDATA[java.lang.AssertionError: Invalid page expected [true] but found [false]
at Savings_Feature_Steps.PersonalSavingsAccount_FixedRateSavingsAccountPageSteps.i_should_be_able_to_click_on_more_card_help_and_support_cta_button_should_be_redirected_to_personal_savings_help_and_support_page(PersonalSavingsAccount_FixedRateSavingsAccountPageSteps.java:127)
at ?.I should be able to click on More Card Help and Support CTA button should be redirected to "Help & Support for Personal Savings Accounts" page(file:///C:/Users/Vasantrao.Kulkarni/eclipse-workspace/Co.uk_MVP_Release/src/test/resources/Savings_FeatureFiles/PersonalSavingsAccount_DoubleAccessSavingsAccount.feature:33)
... Removed 3 stack frames]]>
    </failure>
  </testcase> <!-- runScenario -->
  <testcase classname="io.cucumber.testng.AbstractTestNGCucumberTests" name="runScenario" time="2.384"/>
  <testcase classname="io.cucumber.testng.AbstractTestNGCucumberTests" name="runScenario" time="2.316"/>
  <testcase classname="io.cucumber.testng.AbstractTestNGCucumberTests" name="runScenario" time="1.575"/>
  <testcase classname="io.cucumber.testng.AbstractTestNGCucumberTests" name="runScenario" time="1.742"/>
  <testcase classname="io.cucumber.testng.AbstractTestNGCucumberTests" name="runScenario" time="1.921"/>
  <testcase classname="io.cucumber.testng.AbstractTestNGCucumberTests" name="runScenario" time="1.701"/>
  <testcase classname="io.cucumber.testng.AbstractTestNGCucumberTests" name="runScenario" time="2.586"/>
  <testcase classname="io.cucumber.testng.AbstractTestNGCucumberTests" name="runScenario" time="3.515">
    <failure type="java.lang.AssertionError" message="expected [Apply for a 2 Year Fixed Rate Cash ISA | Aldermore Bank] but found [Apply for a Double Access Savings Account | Aldermore Bank]">
      <![CDATA[java.lang.AssertionError: expected [Apply for a 2 Year Fixed Rate Cash ISA | Aldermore Bank] but found [Apply for a Double Access Savings Account | Aldermore Bank]
at Savings_Feature_Steps.PS_EasyAccessAccountSavings_ProductCardSteps.i_am_redirected_to_account_opening_form_page(PS_EasyAccessAccountSavings_ProductCardSteps.java:71)
at ?.I am redirected to account opening form page(file:///C:/Users/Vasantrao.Kulkarni/eclipse-workspace/Co.uk_MVP_Release/src/test/resources/Savings_FeatureFiles/PersonalSavingsAccount_DoubleAccessSavings_DoubleAccessAccountProductCard.feature:26)
... Removed 6 stack frames]]>
    </failure>
  </testcase> <!-- runScenario -->
  <testcase classname="io.cucumber.testng.AbstractTestNGCucumberTests" name="runScenario" time="11.076"/>
  <testcase classname="io.cucumber.testng.AbstractTestNGCucumberTests" name="runScenario" time="2.977"/>
  <testcase classname="io.cucumber.testng.AbstractTestNGCucumberTests" name="runScenario" time="2.819"/>
  <testcase classname="io.cucumber.testng.AbstractTestNGCucumberTests" name="runScenario" time="2.808"/>
  <testcase classname="io.cucumber.testng.AbstractTestNGCucumberTests" name="runScenario" time="2.878"/>
  <testcase classname="io.cucumber.testng.AbstractTestNGCucumberTests" name="runScenario" time="2.858"/>
  <testcase classname="io.cucumber.testng.AbstractTestNGCucumberTests" name="runScenario" time="2.947"/>
  <testcase classname="io.cucumber.testng.AbstractTestNGCucumberTests" name="runScenario" time="3.471"/>
  <testcase classname="io.cucumber.testng.AbstractTestNGCucumberTests" name="runScenario" time="2.618"/>
  <testcase classname="io.cucumber.testng.AbstractTestNGCucumberTests" name="runScenario" time="3.107"/>
  <testcase classname="io.cucumber.testng.AbstractTestNGCucumberTests" name="runScenario" time="4.043"/>
  <testcase classname="io.cucumber.testng.AbstractTestNGCucumberTests" name="runScenario" time="3.712"/>
  <testcase classname="io.cucumber.testng.AbstractTestNGCucumberTests" name="runScenario" time="3.261"/>
  <testcase classname="io.cucumber.testng.AbstractTestNGCucumberTests" name="runScenario" time="3.137"/>
  <testcase classname="io.cucumber.testng.AbstractTestNGCucumberTests" name="runScenario" time="4.599"/>
  <testcase classname="io.cucumber.testng.AbstractTestNGCucumberTests" name="runScenario" time="2.301"/>
  <testcase classname="io.cucumber.testng.AbstractTestNGCucumberTests" name="runScenario" time="2.587"/>
  <testcase classname="io.cucumber.testng.AbstractTestNGCucumberTests" name="runScenario" time="2.596"/>
  <testcase classname="io.cucumber.testng.AbstractTestNGCucumberTests" name="runScenario" time="2.616"/>
  <testcase classname="io.cucumber.testng.AbstractTestNGCucumberTests" name="runScenario" time="1.915"/>
  <testcase classname="io.cucumber.testng.AbstractTestNGCucumberTests" name="runScenario" time="1.895"/>
  <testcase classname="io.cucumber.testng.AbstractTestNGCucumberTests" name="runScenario" time="2.443"/>
  <testcase classname="io.cucumber.testng.AbstractTestNGCucumberTests" name="runScenario" time="2.359"/>
  <testcase classname="io.cucumber.testng.AbstractTestNGCucumberTests" name="runScenario" time="2.685"/>
  <testcase classname="io.cucumber.testng.AbstractTestNGCucumberTests" name="runScenario" time="3.589">
    <failure type="java.lang.AssertionError" message="expected [Apply for a 2 Year Fixed Rate Cash ISA | Aldermore Bank] but found [Apply for an Easy Access Savings Account | Aldermore Bank]">
      <![CDATA[java.lang.AssertionError: expected [Apply for a 2 Year Fixed Rate Cash ISA | Aldermore Bank] but found [Apply for an Easy Access Savings Account | Aldermore Bank]
at Savings_Feature_Steps.PS_EasyAccessAccountSavings_ProductCardSteps.i_am_redirected_to_account_opening_form_page(PS_EasyAccessAccountSavings_ProductCardSteps.java:71)
at ?.I am redirected to account opening form page(file:///C:/Users/Vasantrao.Kulkarni/eclipse-workspace/Co.uk_MVP_Release/src/test/resources/Savings_FeatureFiles/PersonalSavingsAccount_EasyAccessAccountSavings_ProductCard.feature:26)
... Removed 6 stack frames]]>
    </failure>
  </testcase> <!-- runScenario -->
  <testcase classname="io.cucumber.testng.AbstractTestNGCucumberTests" name="runScenario" time="2.902"/>
  <testcase classname="io.cucumber.testng.AbstractTestNGCucumberTests" name="runScenario" time="2.86"/>
  <testcase classname="io.cucumber.testng.AbstractTestNGCucumberTests" name="runScenario" time="2.921"/>
  <testcase classname="io.cucumber.testng.AbstractTestNGCucumberTests" name="runScenario" time="3.017"/>
  <testcase classname="io.cucumber.testng.AbstractTestNGCucumberTests" name="runScenario" time="3.248"/>
  <testcase classname="io.cucumber.testng.AbstractTestNGCucumberTests" name="runScenario" time="14.106"/>
  <testcase classname="io.cucumber.testng.AbstractTestNGCucumberTests" name="runScenario" time="2.672"/>
  <testcase classname="io.cucumber.testng.AbstractTestNGCucumberTests" name="runScenario" time="3.212"/>
  <testcase classname="io.cucumber.testng.AbstractTestNGCucumberTests" name="runScenario" time="3.664"/>
  <testcase classname="io.cucumber.testng.AbstractTestNGCucumberTests" name="runScenario" time="3.151"/>
  <testcase classname="io.cucumber.testng.AbstractTestNGCucumberTests" name="runScenario" time="2.877"/>
  <testcase classname="io.cucumber.testng.AbstractTestNGCucumberTests" name="runScenario" time="2.72"/>
  <testcase classname="io.cucumber.testng.AbstractTestNGCucumberTests" name="runScenario" time="2.989">
    <failure type="java.lang.AssertionError" message="expected [Login | Aldermore] but found []">
      <![CDATA[java.lang.AssertionError: expected [Login | Aldermore] but found []
at Savings_Feature_Steps.FixedRateSavings_FourYearFixedRateSavingsProductCard.verifyWhiteCTABannerLink(FixedRateSavings_FourYearFixedRateSavingsProductCard.java:242)
at ?.I should be able to click on White CTA banner and rediredcted to the corresponding page(file:///C:/Users/Vasantrao.Kulkarni/eclipse-workspace/Co.uk_MVP_Release/src/test/resources/Savings_FeatureFiles/PersonalSavingsAccount_EasyAccessAccountSavings_ProductCard.feature:123)
... Removed 6 stack frames]]>
    </failure>
  </testcase> <!-- runScenario -->
  <testcase classname="io.cucumber.testng.AbstractTestNGCucumberTests" name="runScenario" time="2.225"/>
  <testcase classname="io.cucumber.testng.AbstractTestNGCucumberTests" name="runScenario" time="2.592"/>
  <testcase classname="io.cucumber.testng.AbstractTestNGCucumberTests" name="runScenario" time="2.659"/>
  <testcase classname="io.cucumber.testng.AbstractTestNGCucumberTests" name="runScenario" time="2.525"/>
  <testcase classname="io.cucumber.testng.AbstractTestNGCucumberTests" name="runScenario" time="2.407"/>
  <testcase classname="io.cucumber.testng.AbstractTestNGCucumberTests" name="runScenario" time="2.483"/>
  <testcase classname="io.cucumber.testng.AbstractTestNGCucumberTests" name="runScenario" time="2.78"/>
  <testcase classname="io.cucumber.testng.AbstractTestNGCucumberTests" name="runScenario" time="2.61"/>
  <testcase classname="io.cucumber.testng.AbstractTestNGCucumberTests" name="runScenario" time="3.03">
    <failure type="java.lang.AssertionError" message="expected [5.05%] but found [4.50%]">
      <![CDATA[java.lang.AssertionError: expected [5.05%] but found [4.50%]
at Savings_Feature_Steps.FixedRateSavings_FiveYearFixedRateSavingsProductCardSteps.i_should_see_the_value_as_on_the_five_year_fixed_rate_account_product_card(FixedRateSavings_FiveYearFixedRateSavingsProductCardSteps.java:98)
at ?.I should see the "Interest rate(*AER)" value as "5.05%" on the Five year fixed rate account Product Card(file:///C:/Users/Vasantrao.Kulkarni/eclipse-workspace/Co.uk_MVP_Release/src/test/resources/Savings_FeatureFiles/PersonalSavingsAccount_FixedRateSavings_FiveYearFixedRateSavingsProductCard.feature:33)
... Removed 6 stack frames]]>
    </failure>
  </testcase> <!-- runScenario -->
  <testcase classname="io.cucumber.testng.AbstractTestNGCucumberTests" name="runScenario" time="2.976"/>
  <testcase classname="io.cucumber.testng.AbstractTestNGCucumberTests" name="runScenario" time="2.962"/>
  <testcase classname="io.cucumber.testng.AbstractTestNGCucumberTests" name="runScenario" time="3.103">
    <failure type="java.lang.AssertionError" message="expected [4.94%] but found [4.41%]">
      <![CDATA[java.lang.AssertionError: expected [4.94%] but found [4.41%]
at Savings_Feature_Steps.FixedRateSavings_FiveYearFixedRateSavingsProductCardSteps.i_should_see_the_value_as_on_the_five_year_fixed_rate_account_product_card(FixedRateSavings_FiveYearFixedRateSavingsProductCardSteps.java:98)
at ?.I should see the "Gross monthly interest" value as "4.94%" on the Five year fixed rate account Product Card(file:///C:/Users/Vasantrao.Kulkarni/eclipse-workspace/Co.uk_MVP_Release/src/test/resources/Savings_FeatureFiles/PersonalSavingsAccount_FixedRateSavings_FiveYearFixedRateSavingsProductCard.feature:33)
... Removed 6 stack frames]]>
    </failure>
  </testcase> <!-- runScenario -->
  <testcase classname="io.cucumber.testng.AbstractTestNGCucumberTests" name="runScenario" time="3.018">
    <failure type="java.lang.AssertionError" message="expected [5.05%] but found [4.50%]">
      <![CDATA[java.lang.AssertionError: expected [5.05%] but found [4.50%]
at Savings_Feature_Steps.FixedRateSavings_FiveYearFixedRateSavingsProductCardSteps.i_should_see_the_value_as_on_the_five_year_fixed_rate_account_product_card(FixedRateSavings_FiveYearFixedRateSavingsProductCardSteps.java:98)
at ?.I should see the "Gross annual interest" value as "5.05%" on the Five year fixed rate account Product Card(file:///C:/Users/Vasantrao.Kulkarni/eclipse-workspace/Co.uk_MVP_Release/src/test/resources/Savings_FeatureFiles/PersonalSavingsAccount_FixedRateSavings_FiveYearFixedRateSavingsProductCard.feature:33)
... Removed 6 stack frames]]>
    </failure>
  </testcase> <!-- runScenario -->
  <testcase classname="io.cucumber.testng.AbstractTestNGCucumberTests" name="runScenario" time="3.155"/>
  <testcase classname="io.cucumber.testng.AbstractTestNGCucumberTests" name="runScenario" time="2.654"/>
  <testcase classname="io.cucumber.testng.AbstractTestNGCucumberTests" name="runScenario" time="3.87"/>
  <testcase classname="io.cucumber.testng.AbstractTestNGCucumberTests" name="runScenario" time="15.604"/>
  <testcase classname="io.cucumber.testng.AbstractTestNGCucumberTests" name="runScenario" time="3.114">
    <failure type="java.lang.AssertionError" message="expected [Login | Aldermore] but found [Easy Access Account - Personal Savings | Aldermore Bank]">
      <![CDATA[java.lang.AssertionError: expected [Login | Aldermore] but found [Easy Access Account - Personal Savings | Aldermore Bank]
at Savings_Feature_Steps.FixedRateSavings_FourYearFixedRateSavingsProductCard.verifyWhiteCTABannerLink(FixedRateSavings_FourYearFixedRateSavingsProductCard.java:242)
at ?.I should be able to click on White CTA banner and rediredcted to the corresponding page(file:///C:/Users/Vasantrao.Kulkarni/eclipse-workspace/Co.uk_MVP_Release/src/test/resources/Savings_FeatureFiles/PersonalSavingsAccount_FixedRateSavings_FiveYearFixedRateSavingsProductCard.feature:80)
... Removed 6 stack frames]]>
    </failure>
  </testcase> <!-- runScenario -->
  <testcase classname="io.cucumber.testng.AbstractTestNGCucumberTests" name="runScenario" time="3.348"/>
  <testcase classname="io.cucumber.testng.AbstractTestNGCucumberTests" name="runScenario" time="2.964"/>
  <testcase classname="io.cucumber.testng.AbstractTestNGCucumberTests" name="runScenario" time="2.826"/>
  <testcase classname="io.cucumber.testng.AbstractTestNGCucumberTests" name="runScenario" time="2.735"/>
  <testcase classname="io.cucumber.testng.AbstractTestNGCucumberTests" name="runScenario" time="2.549"/>
  <testcase classname="io.cucumber.testng.AbstractTestNGCucumberTests" name="runScenario" time="2.957">
    <failure type="java.lang.AssertionError" message="expected [5.05%] but found [4.50%]">
      <![CDATA[java.lang.AssertionError: expected [5.05%] but found [4.50%]
at Savings_Feature_Steps.FixedRateSavings_FourYearFixedRateSavingsProductCard.i_should_see_the_value_as_on_the_four_year_fixed_rate_account_product_card(FixedRateSavings_FourYearFixedRateSavingsProductCard.java:102)
at ?.I should see the "Interest rate(*AER)" value as "5.05%" on the Four year fixed rate account Product Card(file:///C:/Users/Vasantrao.Kulkarni/eclipse-workspace/Co.uk_MVP_Release/src/test/resources/Savings_FeatureFiles/PersonalSavingsAccount_FixedRateSavings_FourYearFixedRateSavingsProductCard.feature:33)
... Removed 6 stack frames]]>
    </failure>
  </testcase> <!-- runScenario -->
  <testcase classname="io.cucumber.testng.AbstractTestNGCucumberTests" name="runScenario" time="2.816"/>
  <testcase classname="io.cucumber.testng.AbstractTestNGCucumberTests" name="runScenario" time="2.908"/>
  <testcase classname="io.cucumber.testng.AbstractTestNGCucumberTests" name="runScenario" time="2.957">
    <failure type="java.lang.AssertionError" message="expected [4.94%] but found [4.41%]">
      <![CDATA[java.lang.AssertionError: expected [4.94%] but found [4.41%]
at Savings_Feature_Steps.FixedRateSavings_FourYearFixedRateSavingsProductCard.i_should_see_the_value_as_on_the_four_year_fixed_rate_account_product_card(FixedRateSavings_FourYearFixedRateSavingsProductCard.java:102)
at ?.I should see the "Gross monthly interest" value as "4.94%" on the Four year fixed rate account Product Card(file:///C:/Users/Vasantrao.Kulkarni/eclipse-workspace/Co.uk_MVP_Release/src/test/resources/Savings_FeatureFiles/PersonalSavingsAccount_FixedRateSavings_FourYearFixedRateSavingsProductCard.feature:33)
... Removed 6 stack frames]]>
    </failure>
  </testcase> <!-- runScenario -->
  <testcase classname="io.cucumber.testng.AbstractTestNGCucumberTests" name="runScenario" time="2.999">
    <failure type="java.lang.AssertionError" message="expected [5.05%] but found [4.50%]">
      <![CDATA[java.lang.AssertionError: expected [5.05%] but found [4.50%]
at Savings_Feature_Steps.FixedRateSavings_FourYearFixedRateSavingsProductCard.i_should_see_the_value_as_on_the_four_year_fixed_rate_account_product_card(FixedRateSavings_FourYearFixedRateSavingsProductCard.java:102)
at ?.I should see the "Gross annual interest" value as "5.05%" on the Four year fixed rate account Product Card(file:///C:/Users/Vasantrao.Kulkarni/eclipse-workspace/Co.uk_MVP_Release/src/test/resources/Savings_FeatureFiles/PersonalSavingsAccount_FixedRateSavings_FourYearFixedRateSavingsProductCard.feature:33)
... Removed 6 stack frames]]>
    </failure>
  </testcase> <!-- runScenario -->
  <testcase classname="io.cucumber.testng.AbstractTestNGCucumberTests" name="runScenario" time="3.136"/>
  <testcase classname="io.cucumber.testng.AbstractTestNGCucumberTests" name="runScenario" time="2.745"/>
  <testcase classname="io.cucumber.testng.AbstractTestNGCucumberTests" name="runScenario" time="4.092"/>
  <testcase classname="io.cucumber.testng.AbstractTestNGCucumberTests" name="runScenario" time="14.204"/>
  <testcase classname="io.cucumber.testng.AbstractTestNGCucumberTests" name="runScenario" time="3.156"/>
  <testcase classname="io.cucumber.testng.AbstractTestNGCucumberTests" name="runScenario" time="3.112"/>
  <testcase classname="io.cucumber.testng.AbstractTestNGCucumberTests" name="runScenario" time="2.79"/>
  <testcase classname="io.cucumber.testng.AbstractTestNGCucumberTests" name="runScenario" time="2.667"/>
  <testcase classname="io.cucumber.testng.AbstractTestNGCucumberTests" name="runScenario" time="2.593"/>
  <testcase classname="io.cucumber.testng.AbstractTestNGCucumberTests" name="runScenario" time="2.941">
    <failure type="java.lang.AssertionError" message="expected [5.61%] but found [5.40%]">
      <![CDATA[java.lang.AssertionError: expected [5.61%] but found [5.40%]
at Savings_Feature_Steps.FixedRateSavings_OneYearFixedRateSavingsPageSteps.i_should_see_the_value_as_on_the_one_year_fixed_rate_account_product_card(FixedRateSavings_OneYearFixedRateSavingsPageSteps.java:110)
at ?.I should see the "Interest rate(*AER)" value as "5.61%" on the One year fixed rate account Product Card(file:///C:/Users/Vasantrao.Kulkarni/eclipse-workspace/Co.uk_MVP_Release/src/test/resources/Savings_FeatureFiles/PersonalSavingsAccount_FixedRateSavings_OneYearFixedRateSavings.feature:33)
... Removed 6 stack frames]]>
    </failure>
  </testcase> <!-- runScenario -->
  <testcase classname="io.cucumber.testng.AbstractTestNGCucumberTests" name="runScenario" time="3.116"/>
  <testcase classname="io.cucumber.testng.AbstractTestNGCucumberTests" name="runScenario" time="2.779"/>
  <testcase classname="io.cucumber.testng.AbstractTestNGCucumberTests" name="runScenario" time="2.971">
    <failure type="java.lang.AssertionError" message="expected [5.47%] but found [5.27%]">
      <![CDATA[java.lang.AssertionError: expected [5.47%] but found [5.27%]
at Savings_Feature_Steps.FixedRateSavings_OneYearFixedRateSavingsPageSteps.i_should_see_the_value_as_on_the_one_year_fixed_rate_account_product_card(FixedRateSavings_OneYearFixedRateSavingsPageSteps.java:110)
at ?.I should see the "Gross monthly interest" value as "5.47%" on the One year fixed rate account Product Card(file:///C:/Users/Vasantrao.Kulkarni/eclipse-workspace/Co.uk_MVP_Release/src/test/resources/Savings_FeatureFiles/PersonalSavingsAccount_FixedRateSavings_OneYearFixedRateSavings.feature:33)
... Removed 6 stack frames]]>
    </failure>
  </testcase> <!-- runScenario -->
  <testcase classname="io.cucumber.testng.AbstractTestNGCucumberTests" name="runScenario" time="2.948">
    <failure type="java.lang.AssertionError" message="expected [5.61%] but found [5.40%]">
      <![CDATA[java.lang.AssertionError: expected [5.61%] but found [5.40%]
at Savings_Feature_Steps.FixedRateSavings_OneYearFixedRateSavingsPageSteps.i_should_see_the_value_as_on_the_one_year_fixed_rate_account_product_card(FixedRateSavings_OneYearFixedRateSavingsPageSteps.java:110)
at ?.I should see the "Gross annual interest" value as "5.61%" on the One year fixed rate account Product Card(file:///C:/Users/Vasantrao.Kulkarni/eclipse-workspace/Co.uk_MVP_Release/src/test/resources/Savings_FeatureFiles/PersonalSavingsAccount_FixedRateSavings_OneYearFixedRateSavings.feature:33)
... Removed 6 stack frames]]>
    </failure>
  </testcase> <!-- runScenario -->
  <testcase classname="io.cucumber.testng.AbstractTestNGCucumberTests" name="runScenario" time="2.94"/>
  <testcase classname="io.cucumber.testng.AbstractTestNGCucumberTests" name="runScenario" time="2.55"/>
  <testcase classname="io.cucumber.testng.AbstractTestNGCucumberTests" name="runScenario" time="3.825">
    <failure type="java.lang.AssertionError" message="Invalid page expected [true] but found [false]">
      <![CDATA[java.lang.AssertionError: Invalid page expected [true] but found [false]
at Savings_Feature_Steps.PersonalSavingsAccount_FixedRateSavingsAccountPageSteps.i_should_be_able_to_click_on_more_card_help_and_support_cta_button_should_be_redirected_to_personal_savings_help_and_support_page(PersonalSavingsAccount_FixedRateSavingsAccountPageSteps.java:127)
at ?.I should be able to click on More Card Help and Support CTA button should be redirected to "Help & Support for Personal Savings Accounts" page(file:///C:/Users/Vasantrao.Kulkarni/eclipse-workspace/Co.uk_MVP_Release/src/test/resources/Savings_FeatureFiles/PersonalSavingsAccount_FixedRateSavings_OneYearFixedRateSavings.feature:66)
... Removed 3 stack frames]]>
    </failure>
  </testcase> <!-- runScenario -->
  <testcase classname="io.cucumber.testng.AbstractTestNGCucumberTests" name="runScenario" time="2.748"/>
  <testcase classname="io.cucumber.testng.AbstractTestNGCucumberTests" name="runScenario" time="2.658"/>
  <testcase classname="io.cucumber.testng.AbstractTestNGCucumberTests" name="runScenario" time="3.09"/>
  <testcase classname="io.cucumber.testng.AbstractTestNGCucumberTests" name="runScenario" time="3.095"/>
  <testcase classname="io.cucumber.testng.AbstractTestNGCucumberTests" name="runScenario" time="2.94"/>
  <testcase classname="io.cucumber.testng.AbstractTestNGCucumberTests" name="runScenario" time="2.897"/>
  <testcase classname="io.cucumber.testng.AbstractTestNGCucumberTests" name="runScenario" time="2.841"/>
  <testcase classname="io.cucumber.testng.AbstractTestNGCucumberTests" name="runScenario" time="3.304">
    <failure type="java.lang.AssertionError" message="expected [5.30%] but found [4.85%]">
      <![CDATA[java.lang.AssertionError: expected [5.30%] but found [4.85%]
at Savings_Feature_Steps.FixedRateSavings_ThreeYearFixedRateSavingsSteps.i_should_see_the_value_as_on_the_three_year_fixed_rate_account_product_card(FixedRateSavings_ThreeYearFixedRateSavingsSteps.java:95)
at ?.I should see the "Interest rate(*AER)" value as "5.30%" on the Three year fixed rate account Product Card(file:///C:/Users/Vasantrao.Kulkarni/eclipse-workspace/Co.uk_MVP_Release/src/test/resources/Savings_FeatureFiles/PersonalSavingsAccount_FixedRateSavings_ThreeYearFixedRateSavings.feature:33)
... Removed 6 stack frames]]>
    </failure>
  </testcase> <!-- runScenario -->
  <testcase classname="io.cucumber.testng.AbstractTestNGCucumberTests" name="runScenario" time="3.008"/>
  <testcase classname="io.cucumber.testng.AbstractTestNGCucumberTests" name="runScenario" time="2.889"/>
  <testcase classname="io.cucumber.testng.AbstractTestNGCucumberTests" name="runScenario" time="3.031">
    <failure type="java.lang.AssertionError" message="expected [5.18%] but found [4.75%]">
      <![CDATA[java.lang.AssertionError: expected [5.18%] but found [4.75%]
at Savings_Feature_Steps.FixedRateSavings_ThreeYearFixedRateSavingsSteps.i_should_see_the_value_as_on_the_three_year_fixed_rate_account_product_card(FixedRateSavings_ThreeYearFixedRateSavingsSteps.java:95)
at ?.I should see the "Gross monthly interest" value as "5.18%" on the Three year fixed rate account Product Card(file:///C:/Users/Vasantrao.Kulkarni/eclipse-workspace/Co.uk_MVP_Release/src/test/resources/Savings_FeatureFiles/PersonalSavingsAccount_FixedRateSavings_ThreeYearFixedRateSavings.feature:33)
... Removed 6 stack frames]]>
    </failure>
  </testcase> <!-- runScenario -->
  <testcase classname="io.cucumber.testng.AbstractTestNGCucumberTests" name="runScenario" time="3.442">
    <failure type="java.lang.AssertionError" message="expected [5.30%] but found [4.85%]">
      <![CDATA[java.lang.AssertionError: expected [5.30%] but found [4.85%]
at Savings_Feature_Steps.FixedRateSavings_ThreeYearFixedRateSavingsSteps.i_should_see_the_value_as_on_the_three_year_fixed_rate_account_product_card(FixedRateSavings_ThreeYearFixedRateSavingsSteps.java:95)
at ?.I should see the "Gross annual interest" value as "5.30%" on the Three year fixed rate account Product Card(file:///C:/Users/Vasantrao.Kulkarni/eclipse-workspace/Co.uk_MVP_Release/src/test/resources/Savings_FeatureFiles/PersonalSavingsAccount_FixedRateSavings_ThreeYearFixedRateSavings.feature:33)
... Removed 6 stack frames]]>
    </failure>
  </testcase> <!-- runScenario -->
  <testcase classname="io.cucumber.testng.AbstractTestNGCucumberTests" name="runScenario" time="3.191"/>
  <testcase classname="io.cucumber.testng.AbstractTestNGCucumberTests" name="runScenario" time="2.698"/>
  <testcase classname="io.cucumber.testng.AbstractTestNGCucumberTests" name="runScenario" time="3.907"/>
  <testcase classname="io.cucumber.testng.AbstractTestNGCucumberTests" name="runScenario" time="2.842"/>
  <testcase classname="io.cucumber.testng.AbstractTestNGCucumberTests" name="runScenario" time="2.946"/>
  <testcase classname="io.cucumber.testng.AbstractTestNGCucumberTests" name="runScenario" time="3.159"/>
  <testcase classname="io.cucumber.testng.AbstractTestNGCucumberTests" name="runScenario" time="3.254"/>
  <testcase classname="io.cucumber.testng.AbstractTestNGCucumberTests" name="runScenario" time="4.059"/>
  <testcase classname="io.cucumber.testng.AbstractTestNGCucumberTests" name="runScenario" time="3.156"/>
  <testcase classname="io.cucumber.testng.AbstractTestNGCucumberTests" name="runScenario" time="2.977"/>
  <testcase classname="io.cucumber.testng.AbstractTestNGCucumberTests" name="runScenario" time="3.119">
    <failure type="java.lang.AssertionError" message="expected [5.50%] but found [5.00%]">
      <![CDATA[java.lang.AssertionError: expected [5.50%] but found [5.00%]
at Savings_Feature_Steps.FixedRateSavings_TwoYearFixedRateSavingsPageSteps.i_should_see_the_value_as_on_the_two_year_fixed_rate_account_product_card(FixedRateSavings_TwoYearFixedRateSavingsPageSteps.java:96)
at ?.I should see the "Interest rate(*AER)" value as "5.50%" on the Two year fixed rate account Product Card(file:///C:/Users/Vasantrao.Kulkarni/eclipse-workspace/Co.uk_MVP_Release/src/test/resources/Savings_FeatureFiles/PersonalSavingsAccount_FixedRateSavings_TwoYearFixedRateSavings.feature:33)
... Removed 6 stack frames]]>
    </failure>
  </testcase> <!-- runScenario -->
  <testcase classname="io.cucumber.testng.AbstractTestNGCucumberTests" name="runScenario" time="3.392"/>
  <testcase classname="io.cucumber.testng.AbstractTestNGCucumberTests" name="runScenario" time="11.028"/>
  <testcase classname="io.cucumber.testng.AbstractTestNGCucumberTests" name="runScenario" time="3.623">
    <failure type="java.lang.AssertionError" message="expected [5.37%] but found [4.89%]">
      <![CDATA[java.lang.AssertionError: expected [5.37%] but found [4.89%]
at Savings_Feature_Steps.FixedRateSavings_TwoYearFixedRateSavingsPageSteps.i_should_see_the_value_as_on_the_two_year_fixed_rate_account_product_card(FixedRateSavings_TwoYearFixedRateSavingsPageSteps.java:96)
at ?.I should see the "Gross monthly interest" value as "5.37%" on the Two year fixed rate account Product Card(file:///C:/Users/Vasantrao.Kulkarni/eclipse-workspace/Co.uk_MVP_Release/src/test/resources/Savings_FeatureFiles/PersonalSavingsAccount_FixedRateSavings_TwoYearFixedRateSavings.feature:33)
... Removed 6 stack frames]]>
    </failure>
  </testcase> <!-- runScenario -->
  <testcase classname="io.cucumber.testng.AbstractTestNGCucumberTests" name="runScenario" time="3.779">
    <failure type="java.lang.AssertionError" message="expected [5.50%] but found [5.00%]">
      <![CDATA[java.lang.AssertionError: expected [5.50%] but found [5.00%]
at Savings_Feature_Steps.FixedRateSavings_TwoYearFixedRateSavingsPageSteps.i_should_see_the_value_as_on_the_two_year_fixed_rate_account_product_card(FixedRateSavings_TwoYearFixedRateSavingsPageSteps.java:96)
at ?.I should see the "Gross annual interest" value as "5.50%" on the Two year fixed rate account Product Card(file:///C:/Users/Vasantrao.Kulkarni/eclipse-workspace/Co.uk_MVP_Release/src/test/resources/Savings_FeatureFiles/PersonalSavingsAccount_FixedRateSavings_TwoYearFixedRateSavings.feature:33)
... Removed 6 stack frames]]>
    </failure>
  </testcase> <!-- runScenario -->
  <testcase classname="io.cucumber.testng.AbstractTestNGCucumberTests" name="runScenario" time="3.701"/>
  <testcase classname="io.cucumber.testng.AbstractTestNGCucumberTests" name="runScenario" time="3.299"/>
  <testcase classname="io.cucumber.testng.AbstractTestNGCucumberTests" name="runScenario" time="4.4"/>
  <testcase classname="io.cucumber.testng.AbstractTestNGCucumberTests" name="runScenario" time="3.333"/>
  <testcase classname="io.cucumber.testng.AbstractTestNGCucumberTests" name="runScenario" time="3.432"/>
  <testcase classname="io.cucumber.testng.AbstractTestNGCucumberTests" name="runScenario" time="3.746"/>
  <testcase classname="io.cucumber.testng.AbstractTestNGCucumberTests" name="runScenario" time="3.841"/>
  <testcase classname="io.cucumber.testng.AbstractTestNGCucumberTests" name="runScenario" time="3.563"/>
  <testcase classname="io.cucumber.testng.AbstractTestNGCucumberTests" name="runScenario" time="2.164"/>
  <testcase classname="io.cucumber.testng.AbstractTestNGCucumberTests" name="runScenario" time="1.643"/>
  <testcase classname="io.cucumber.testng.AbstractTestNGCucumberTests" name="runScenario" time="2.111"/>
  <testcase classname="io.cucumber.testng.AbstractTestNGCucumberTests" name="runScenario" time="2.183"/>
  <testcase classname="io.cucumber.testng.AbstractTestNGCucumberTests" name="runScenario" time="2.734"/>
  <testcase classname="io.cucumber.testng.AbstractTestNGCucumberTests" name="runScenario" time="3.187">
    <failure type="java.lang.AssertionError" message="Invalid page expected [true] but found [false]">
      <![CDATA[java.lang.AssertionError: Invalid page expected [true] but found [false]
at Savings_Feature_Steps.PersonalSavingsAccount_FixedRateSavingsAccountPageSteps.i_should_be_able_to_click_on_more_card_help_and_support_cta_button_should_be_redirected_to_personal_savings_help_and_support_page(PersonalSavingsAccount_FixedRateSavingsAccountPageSteps.java:127)
at ?.I should be able to click on More Card Help and Support CTA button should be redirected to "Help & Support for Personal Savings Accounts" page(file:///C:/Users/Vasantrao.Kulkarni/eclipse-workspace/Co.uk_MVP_Release/src/test/resources/Savings_FeatureFiles/PersonalSavingsAccount_NoticeSavingsAccount.feature:39)
... Removed 3 stack frames]]>
    </failure>
  </testcase> <!-- runScenario -->
  <testcase classname="io.cucumber.testng.AbstractTestNGCucumberTests" name="runScenario" time="2.852"/>
  <testcase classname="io.cucumber.testng.AbstractTestNGCucumberTests" name="runScenario" time="2.62"/>
  <testcase classname="io.cucumber.testng.AbstractTestNGCucumberTests" name="runScenario" time="2.023"/>
  <testcase classname="io.cucumber.testng.AbstractTestNGCucumberTests" name="runScenario" time="2.057"/>
  <testcase classname="io.cucumber.testng.AbstractTestNGCucumberTests" name="runScenario" time="1.801"/>
  <testcase classname="io.cucumber.testng.AbstractTestNGCucumberTests" name="runScenario" time="1.902"/>
  <testcase classname="io.cucumber.testng.AbstractTestNGCucumberTests" name="runScenario" time="1.779"/>
  <testcase classname="io.cucumber.testng.AbstractTestNGCucumberTests" name="runScenario" time="1.879"/>
  <testcase classname="io.cucumber.testng.AbstractTestNGCucumberTests" name="runScenario" time="2.57"/>
  <testcase classname="io.cucumber.testng.AbstractTestNGCucumberTests" name="runScenario" time="26.247"/>
  <testcase classname="io.cucumber.testng.AbstractTestNGCucumberTests" name="runScenario" time="2.938"/>
  <testcase classname="io.cucumber.testng.AbstractTestNGCucumberTests" name="runScenario" time="2.968"/>
  <testcase classname="io.cucumber.testng.AbstractTestNGCucumberTests" name="runScenario" time="2.889"/>
  <testcase classname="io.cucumber.testng.AbstractTestNGCucumberTests" name="runScenario" time="2.907"/>
  <testcase classname="io.cucumber.testng.AbstractTestNGCucumberTests" name="runScenario" time="2.96"/>
  <testcase classname="io.cucumber.testng.AbstractTestNGCucumberTests" name="runScenario" time="3.282"/>
  <testcase classname="io.cucumber.testng.AbstractTestNGCucumberTests" name="runScenario" time="14.394"/>
  <testcase classname="io.cucumber.testng.AbstractTestNGCucumberTests" name="runScenario" time="2.639"/>
  <testcase classname="io.cucumber.testng.AbstractTestNGCucumberTests" name="runScenario" time="3.732"/>
  <testcase classname="io.cucumber.testng.AbstractTestNGCucumberTests" name="runScenario" time="3.79"/>
  <testcase classname="io.cucumber.testng.AbstractTestNGCucumberTests" name="runScenario" time="2.879"/>
  <testcase classname="io.cucumber.testng.AbstractTestNGCucumberTests" name="runScenario" time="3.662"/>
  <testcase classname="io.cucumber.testng.AbstractTestNGCucumberTests" name="runScenario" time="3.062"/>
  <testcase classname="io.cucumber.testng.AbstractTestNGCucumberTests" name="runScenario" time="3.537"/>
  <testcase classname="io.cucumber.testng.AbstractTestNGCucumberTests" name="runScenario" time="3.245"/>
  <testcase classname="io.cucumber.testng.AbstractTestNGCucumberTests" name="runScenario" time="19.634"/>
  <testcase classname="io.cucumber.testng.AbstractTestNGCucumberTests" name="runScenario" time="6.236"/>
  <testcase classname="io.cucumber.testng.AbstractTestNGCucumberTests" name="runScenario" time="3.027"/>
  <testcase classname="io.cucumber.testng.AbstractTestNGCucumberTests" name="runScenario" time="3.018"/>
  <testcase classname="io.cucumber.testng.AbstractTestNGCucumberTests" name="runScenario" time="3.124"/>
  <testcase classname="io.cucumber.testng.AbstractTestNGCucumberTests" name="runScenario" time="3.006"/>
  <testcase classname="io.cucumber.testng.AbstractTestNGCucumberTests" name="runScenario" time="3.231"/>
  <testcase classname="io.cucumber.testng.AbstractTestNGCucumberTests" name="runScenario" time="14.178"/>
  <testcase classname="io.cucumber.testng.AbstractTestNGCucumberTests" name="runScenario" time="2.709"/>
  <testcase classname="io.cucumber.testng.AbstractTestNGCucumberTests" name="runScenario" time="3.466"/>
  <testcase classname="io.cucumber.testng.AbstractTestNGCucumberTests" name="runScenario" time="3.707"/>
  <testcase classname="io.cucumber.testng.AbstractTestNGCucumberTests" name="runScenario" time="2.923"/>
  <testcase classname="io.cucumber.testng.AbstractTestNGCucumberTests" name="runScenario" time="2.966"/>
  <testcase classname="io.cucumber.testng.AbstractTestNGCucumberTests" name="runScenario" time="2.869"/>
  <testcase classname="io.cucumber.testng.AbstractTestNGCucumberTests" name="runScenario" time="3.775"/>
  <testcase classname="io.cucumber.testng.AbstractTestNGCucumberTests" name="runScenario" time="2.381"/>
  <testcase classname="io.cucumber.testng.AbstractTestNGCucumberTests" name="runScenario" time="1.895">
    <failure type="org.openqa.selenium.NoSuchElementException" message="no such element: Unable to locate element: {&amp;quot;method&amp;quot;:&amp;quot;xpath&amp;quot;,&amp;quot;selector&amp;quot;:&amp;quot;//h2[normalize-space()=&amp;apos;Open an account with...&amp;apos;]&amp;quot;}
  (Session info: chrome=118.0.5993.70)
For documentation on this error, please visit: https://www.selenium.dev/documentation/webdriver/troubleshooting/errors#no-such-element-exception
Build info: version: &amp;apos;4.11.0&amp;apos;, revision: &amp;apos;040bc5406b&amp;apos;
System info: os.name: &amp;apos;Windows Server 2019&amp;apos;, os.arch: &amp;apos;amd64&amp;apos;, os.version: &amp;apos;10.0&amp;apos;, java.version: &amp;apos;17.0.1&amp;apos;
Driver info: org.openqa.selenium.chrome.ChromeDriver
Command: [71db86b80e3fe60b1ab0fc37a5cf7ece, findElement {using=xpath, value=//h2[normalize-space()=&amp;apos;Open an account with...&amp;apos;]}]
Capabilities {acceptInsecureCerts: false, browserName: chrome, browserVersion: 118.0.5993.70, chrome: {chromedriverVersion: 118.0.5993.70 (e52f33f30b91..., userDataDir: C:\Users\VASANT~1.KUL\AppDa...}, fedcm:accounts: true, goog:chromeOptions: {debuggerAddress: localhost:61855}, networkConnectionEnabled: false, pageLoadStrategy: normal, platformName: windows, proxy: Proxy(), se:cdp: ws://localhost:61855/devtoo..., se:cdpVersion: 118.0.5993.70, setWindowRect: true, strictFileInteractability: false, timeouts: {implicit: 0, pageLoad: 300000, script: 30000}, unhandledPromptBehavior: dismiss and notify, webauthn:extension:credBlob: true, webauthn:extension:largeBlob: true, webauthn:extension:minPinLength: true, webauthn:extension:prf: true, webauthn:virtualAuthenticators: true}
Session ID: 71db86b80e3fe60b1ab0fc37a5cf7ece">
      <![CDATA[org.openqa.selenium.NoSuchElementException: no such element: Unable to locate element: {"method":"xpath","selector":"//h2[normalize-space()='Open an account with...']"}
  (Session info: chrome=118.0.5993.70)
For documentation on this error, please visit: https://www.selenium.dev/documentation/webdriver/troubleshooting/errors#no-such-element-exception
Build info: version: '4.11.0', revision: '040bc5406b'
System info: os.name: 'Windows Server 2019', os.arch: 'amd64', os.version: '10.0', java.version: '17.0.1'
Driver info: org.openqa.selenium.chrome.ChromeDriver
Command: [71db86b80e3fe60b1ab0fc37a5cf7ece, findElement {using=xpath, value=//h2[normalize-space()='Open an account with...']}]
Capabilities {acceptInsecureCerts: false, browserName: chrome, browserVersion: 118.0.5993.70, chrome: {chromedriverVersion: 118.0.5993.70 (e52f33f30b91..., userDataDir: C:\Users\VASANT~1.KUL\AppDa...}, fedcm:accounts: true, goog:chromeOptions: {debuggerAddress: localhost:61855}, networkConnectionEnabled: false, pageLoadStrategy: normal, platformName: windows, proxy: Proxy(), se:cdp: ws://localhost:61855/devtoo..., se:cdpVersion: 118.0.5993.70, setWindowRect: true, strictFileInteractability: false, timeouts: {implicit: 0, pageLoad: 300000, script: 30000}, unhandledPromptBehavior: dismiss and notify, webauthn:extension:credBlob: true, webauthn:extension:largeBlob: true, webauthn:extension:minPinLength: true, webauthn:extension:prf: true, webauthn:virtualAuthenticators: true}
Session ID: 71db86b80e3fe60b1ab0fc37a5cf7ece
at org.openqa.selenium.remote.codec.w3c.W3CHttpResponseCodec.createException(W3CHttpResponseCodec.java:200)
at org.openqa.selenium.remote.codec.w3c.W3CHttpResponseCodec.decode(W3CHttpResponseCodec.java:133)
at org.openqa.selenium.remote.codec.w3c.W3CHttpResponseCodec.decode(W3CHttpResponseCodec.java:52)
at org.openqa.selenium.remote.HttpCommandExecutor.execute(HttpCommandExecutor.java:191)
at org.openqa.selenium.remote.service.DriverCommandExecutor.invokeExecute(DriverCommandExecutor.java:196)
at org.openqa.selenium.remote.service.DriverCommandExecutor.execute(DriverCommandExecutor.java:171)
at org.openqa.selenium.remote.RemoteWebDriver.execute(RemoteWebDriver.java:518)
at org.openqa.selenium.remote.ElementLocation$ElementFinder$2.findElement(ElementLocation.java:165)
at org.openqa.selenium.remote.ElementLocation.findElement(ElementLocation.java:59)
at org.openqa.selenium.remote.RemoteWebDriver.findElement(RemoteWebDriver.java:355)
at org.openqa.selenium.remote.RemoteWebDriver.findElement(RemoteWebDriver.java:349)
at org.openqa.selenium.support.pagefactory.DefaultElementLocator.findElement(DefaultElementLocator.java:68)
at org.openqa.selenium.support.pagefactory.internal.LocatingElementHandler.invoke(LocatingElementHandler.java:38)
at jdk.proxy2/jdk.proxy2.$Proxy29.getText(Unknown Source)
at pages.actions.PersonalSavingsAccount_RegularSaverAccountActions.getUSPHeader(PersonalSavingsAccount_RegularSaverAccountActions.java:80)
at Savings_Feature_Steps.PersonalSavingsAccount_RegularSaverAccount.i_should_see_the_as_usp_sub_header_on_regular_saver_account_page(PersonalSavingsAccount_RegularSaverAccount.java:37)
at ?.I should see the "Open an account with..." as USP sub header on Regular Saver Account page(file:///C:/Users/Vasantrao.Kulkarni/eclipse-workspace/Co.uk_MVP_Release/src/test/resources/Savings_FeatureFiles/PersonalSavingsAccount_RegularSaverAccount.feature:19)
... Removed 4 stack frames]]>
    </failure>
  </testcase> <!-- runScenario -->
  <testcase classname="io.cucumber.testng.AbstractTestNGCucumberTests" name="runScenario" time="1.761"/>
  <testcase classname="io.cucumber.testng.AbstractTestNGCucumberTests" name="runScenario" time="1.654"/>
  <testcase classname="io.cucumber.testng.AbstractTestNGCucumberTests" name="runScenario" time="1.827"/>
  <testcase classname="io.cucumber.testng.AbstractTestNGCucumberTests" name="runScenario" time="1.892">
    <failure type="org.openqa.selenium.NoSuchElementException" message="no such element: Unable to locate element: {&amp;quot;method&amp;quot;:&amp;quot;xpath&amp;quot;,&amp;quot;selector&amp;quot;:&amp;quot;//h2[normalize-space()=&amp;apos;Key information&amp;apos;]&amp;quot;}
  (Session info: chrome=118.0.5993.70)
For documentation on this error, please visit: https://www.selenium.dev/documentation/webdriver/troubleshooting/errors#no-such-element-exception
Build info: version: &amp;apos;4.11.0&amp;apos;, revision: &amp;apos;040bc5406b&amp;apos;
System info: os.name: &amp;apos;Windows Server 2019&amp;apos;, os.arch: &amp;apos;amd64&amp;apos;, os.version: &amp;apos;10.0&amp;apos;, java.version: &amp;apos;17.0.1&amp;apos;
Driver info: org.openqa.selenium.chrome.ChromeDriver
Command: [71db86b80e3fe60b1ab0fc37a5cf7ece, findElement {using=xpath, value=//h2[normalize-space()=&amp;apos;Key information&amp;apos;]}]
Capabilities {acceptInsecureCerts: false, browserName: chrome, browserVersion: 118.0.5993.70, chrome: {chromedriverVersion: 118.0.5993.70 (e52f33f30b91..., userDataDir: C:\Users\VASANT~1.KUL\AppDa...}, fedcm:accounts: true, goog:chromeOptions: {debuggerAddress: localhost:61855}, networkConnectionEnabled: false, pageLoadStrategy: normal, platformName: windows, proxy: Proxy(), se:cdp: ws://localhost:61855/devtoo..., se:cdpVersion: 118.0.5993.70, setWindowRect: true, strictFileInteractability: false, timeouts: {implicit: 0, pageLoad: 300000, script: 30000}, unhandledPromptBehavior: dismiss and notify, webauthn:extension:credBlob: true, webauthn:extension:largeBlob: true, webauthn:extension:minPinLength: true, webauthn:extension:prf: true, webauthn:virtualAuthenticators: true}
Session ID: 71db86b80e3fe60b1ab0fc37a5cf7ece">
      <![CDATA[org.openqa.selenium.NoSuchElementException: no such element: Unable to locate element: {"method":"xpath","selector":"//h2[normalize-space()='Key information']"}
  (Session info: chrome=118.0.5993.70)
For documentation on this error, please visit: https://www.selenium.dev/documentation/webdriver/troubleshooting/errors#no-such-element-exception
Build info: version: '4.11.0', revision: '040bc5406b'
System info: os.name: 'Windows Server 2019', os.arch: 'amd64', os.version: '10.0', java.version: '17.0.1'
Driver info: org.openqa.selenium.chrome.ChromeDriver
Command: [71db86b80e3fe60b1ab0fc37a5cf7ece, findElement {using=xpath, value=//h2[normalize-space()='Key information']}]
Capabilities {acceptInsecureCerts: false, browserName: chrome, browserVersion: 118.0.5993.70, chrome: {chromedriverVersion: 118.0.5993.70 (e52f33f30b91..., userDataDir: C:\Users\VASANT~1.KUL\AppDa...}, fedcm:accounts: true, goog:chromeOptions: {debuggerAddress: localhost:61855}, networkConnectionEnabled: false, pageLoadStrategy: normal, platformName: windows, proxy: Proxy(), se:cdp: ws://localhost:61855/devtoo..., se:cdpVersion: 118.0.5993.70, setWindowRect: true, strictFileInteractability: false, timeouts: {implicit: 0, pageLoad: 300000, script: 30000}, unhandledPromptBehavior: dismiss and notify, webauthn:extension:credBlob: true, webauthn:extension:largeBlob: true, webauthn:extension:minPinLength: true, webauthn:extension:prf: true, webauthn:virtualAuthenticators: true}
Session ID: 71db86b80e3fe60b1ab0fc37a5cf7ece
at org.openqa.selenium.remote.codec.w3c.W3CHttpResponseCodec.createException(W3CHttpResponseCodec.java:200)
at org.openqa.selenium.remote.codec.w3c.W3CHttpResponseCodec.decode(W3CHttpResponseCodec.java:133)
at org.openqa.selenium.remote.codec.w3c.W3CHttpResponseCodec.decode(W3CHttpResponseCodec.java:52)
at org.openqa.selenium.remote.HttpCommandExecutor.execute(HttpCommandExecutor.java:191)
at org.openqa.selenium.remote.service.DriverCommandExecutor.invokeExecute(DriverCommandExecutor.java:196)
at org.openqa.selenium.remote.service.DriverCommandExecutor.execute(DriverCommandExecutor.java:171)
at org.openqa.selenium.remote.RemoteWebDriver.execute(RemoteWebDriver.java:518)
at org.openqa.selenium.remote.ElementLocation$ElementFinder$2.findElement(ElementLocation.java:165)
at org.openqa.selenium.remote.ElementLocation.findElement(ElementLocation.java:59)
at org.openqa.selenium.remote.RemoteWebDriver.findElement(RemoteWebDriver.java:355)
at org.openqa.selenium.remote.RemoteWebDriver.findElement(RemoteWebDriver.java:349)
at org.openqa.selenium.support.pagefactory.DefaultElementLocator.findElement(DefaultElementLocator.java:68)
at org.openqa.selenium.support.pagefactory.internal.LocatingElementHandler.invoke(LocatingElementHandler.java:38)
at jdk.proxy2/jdk.proxy2.$Proxy29.getText(Unknown Source)
at utils.SeleniumDriver.GetElementText(SeleniumDriver.java:112)
at Savings_Feature_Steps.PersonalSavingsAccount_RegularSaverAccount.i_should_see_the_image_copy_secion_on_the_regular_saver_account_page(PersonalSavingsAccount_RegularSaverAccount.java:48)
at ?.I should see the Image copy secion on the Regular Saver Account page(file:///C:/Users/Vasantrao.Kulkarni/eclipse-workspace/Co.uk_MVP_Release/src/test/resources/Savings_FeatureFiles/PersonalSavingsAccount_RegularSaverAccount.feature:30)
... Removed 4 stack frames]]>
    </failure>
  </testcase> <!-- runScenario -->
  <testcase classname="io.cucumber.testng.AbstractTestNGCucumberTests" name="runScenario" time="13.893">
    <failure type="java.lang.AssertionError" message="expected [true] but found [false]">
      <![CDATA[java.lang.AssertionError: expected [true] but found [false]
at Savings_Feature_Steps.PersonalSavingsAccount_RegularSaverAccount.i_should_be_able_to_click_on_more_card_cta_button_on_regular_saver_account_page_and_support_cta_button_should_be_redirected_to_page(PersonalSavingsAccount_RegularSaverAccount.java:89)
at ?.I should be able to click on More Card CTA button on Regular Saver Account page  and Support CTA button should be redirected to "Help & Support for Personal Savings Accounts" page(file:///C:/Users/Vasantrao.Kulkarni/eclipse-workspace/Co.uk_MVP_Release/src/test/resources/Savings_FeatureFiles/PersonalSavingsAccount_RegularSaverAccount.feature:37)
... Removed 4 stack frames]]>
    </failure>
  </testcase> <!-- runScenario -->
  <testcase classname="io.cucumber.testng.AbstractTestNGCucumberTests" name="runScenario" time="2.063">
    <failure type="org.openqa.selenium.NoSuchElementException" message="no such element: Unable to locate element: {&amp;quot;method&amp;quot;:&amp;quot;xpath&amp;quot;,&amp;quot;selector&amp;quot;:&amp;quot;//span[@class=&amp;apos;lead-paragraph&amp;apos;]&amp;quot;}
  (Session info: chrome=118.0.5993.70)
For documentation on this error, please visit: https://www.selenium.dev/documentation/webdriver/troubleshooting/errors#no-such-element-exception
Build info: version: &amp;apos;4.11.0&amp;apos;, revision: &amp;apos;040bc5406b&amp;apos;
System info: os.name: &amp;apos;Windows Server 2019&amp;apos;, os.arch: &amp;apos;amd64&amp;apos;, os.version: &amp;apos;10.0&amp;apos;, java.version: &amp;apos;17.0.1&amp;apos;
Driver info: org.openqa.selenium.chrome.ChromeDriver
Command: [71db86b80e3fe60b1ab0fc37a5cf7ece, findElement {using=xpath, value=//span[@class=&amp;apos;lead-paragraph&amp;apos;]}]
Capabilities {acceptInsecureCerts: false, browserName: chrome, browserVersion: 118.0.5993.70, chrome: {chromedriverVersion: 118.0.5993.70 (e52f33f30b91..., userDataDir: C:\Users\VASANT~1.KUL\AppDa...}, fedcm:accounts: true, goog:chromeOptions: {debuggerAddress: localhost:61855}, networkConnectionEnabled: false, pageLoadStrategy: normal, platformName: windows, proxy: Proxy(), se:cdp: ws://localhost:61855/devtoo..., se:cdpVersion: 118.0.5993.70, setWindowRect: true, strictFileInteractability: false, timeouts: {implicit: 0, pageLoad: 300000, script: 30000}, unhandledPromptBehavior: dismiss and notify, webauthn:extension:credBlob: true, webauthn:extension:largeBlob: true, webauthn:extension:minPinLength: true, webauthn:extension:prf: true, webauthn:virtualAuthenticators: true}
Session ID: 71db86b80e3fe60b1ab0fc37a5cf7ece">
      <![CDATA[org.openqa.selenium.NoSuchElementException: no such element: Unable to locate element: {"method":"xpath","selector":"//span[@class='lead-paragraph']"}
  (Session info: chrome=118.0.5993.70)
For documentation on this error, please visit: https://www.selenium.dev/documentation/webdriver/troubleshooting/errors#no-such-element-exception
Build info: version: '4.11.0', revision: '040bc5406b'
System info: os.name: 'Windows Server 2019', os.arch: 'amd64', os.version: '10.0', java.version: '17.0.1'
Driver info: org.openqa.selenium.chrome.ChromeDriver
Command: [71db86b80e3fe60b1ab0fc37a5cf7ece, findElement {using=xpath, value=//span[@class='lead-paragraph']}]
Capabilities {acceptInsecureCerts: false, browserName: chrome, browserVersion: 118.0.5993.70, chrome: {chromedriverVersion: 118.0.5993.70 (e52f33f30b91..., userDataDir: C:\Users\VASANT~1.KUL\AppDa...}, fedcm:accounts: true, goog:chromeOptions: {debuggerAddress: localhost:61855}, networkConnectionEnabled: false, pageLoadStrategy: normal, platformName: windows, proxy: Proxy(), se:cdp: ws://localhost:61855/devtoo..., se:cdpVersion: 118.0.5993.70, setWindowRect: true, strictFileInteractability: false, timeouts: {implicit: 0, pageLoad: 300000, script: 30000}, unhandledPromptBehavior: dismiss and notify, webauthn:extension:credBlob: true, webauthn:extension:largeBlob: true, webauthn:extension:minPinLength: true, webauthn:extension:prf: true, webauthn:virtualAuthenticators: true}
Session ID: 71db86b80e3fe60b1ab0fc37a5cf7ece
at org.openqa.selenium.remote.codec.w3c.W3CHttpResponseCodec.createException(W3CHttpResponseCodec.java:200)
at org.openqa.selenium.remote.codec.w3c.W3CHttpResponseCodec.decode(W3CHttpResponseCodec.java:133)
at org.openqa.selenium.remote.codec.w3c.W3CHttpResponseCodec.decode(W3CHttpResponseCodec.java:52)
at org.openqa.selenium.remote.HttpCommandExecutor.execute(HttpCommandExecutor.java:191)
at org.openqa.selenium.remote.service.DriverCommandExecutor.invokeExecute(DriverCommandExecutor.java:196)
at org.openqa.selenium.remote.service.DriverCommandExecutor.execute(DriverCommandExecutor.java:171)
at org.openqa.selenium.remote.RemoteWebDriver.execute(RemoteWebDriver.java:518)
at org.openqa.selenium.remote.ElementLocation$ElementFinder$2.findElement(ElementLocation.java:165)
at org.openqa.selenium.remote.ElementLocation.findElement(ElementLocation.java:59)
at org.openqa.selenium.remote.RemoteWebDriver.findElement(RemoteWebDriver.java:355)
at org.openqa.selenium.remote.RemoteWebDriver.findElement(RemoteWebDriver.java:349)
at org.openqa.selenium.support.pagefactory.DefaultElementLocator.findElement(DefaultElementLocator.java:68)
at org.openqa.selenium.support.pagefactory.internal.LocatingElementHandler.invoke(LocatingElementHandler.java:38)
at jdk.proxy2/jdk.proxy2.$Proxy29.getText(Unknown Source)
at utils.SeleniumDriver.GetElementText(SeleniumDriver.java:112)
at Savings_Feature_Steps.PersonalSavingsAccount_RegularSaverAccount.i_should_see_the_textblock_on_the_page(PersonalSavingsAccount_RegularSaverAccount.java:95)
at ?.I should see the "Things you need to know" textblock on the page(file:///C:/Users/Vasantrao.Kulkarni/eclipse-workspace/Co.uk_MVP_Release/src/test/resources/Savings_FeatureFiles/PersonalSavingsAccount_RegularSaverAccount.feature:45)
... Removed 4 stack frames]]>
    </failure>
  </testcase> <!-- runScenario -->
  <testcase classname="io.cucumber.testng.AbstractTestNGCucumberTests" name="runScenario" time="13.091"/>
  <testcase classname="io.cucumber.testng.AbstractTestNGCucumberTests" name="runScenario" time="1.945"/>
  <testcase classname="io.cucumber.testng.AbstractTestNGCucumberTests" name="runScenario" time="1.752"/>
  <testcase classname="io.cucumber.testng.AbstractTestNGCucumberTests" name="runScenario" time="13.183"/>
  <testcase classname="io.cucumber.testng.AbstractTestNGCucumberTests" name="runScenario" time="13.035"/>
  <testcase classname="io.cucumber.testng.AbstractTestNGCucumberTests" name="runScenario" time="13.193"/>
  <testcase classname="io.cucumber.testng.AbstractTestNGCucumberTests" name="runScenario" time="13.135"/>
  <testcase classname="io.cucumber.testng.AbstractTestNGCucumberTests" name="runScenario" time="13.37"/>
  <testcase classname="io.cucumber.testng.AbstractTestNGCucumberTests" name="runScenario" time="15.406"/>
  <testcase classname="io.cucumber.testng.AbstractTestNGCucumberTests" name="runScenario" time="13.279"/>
  <testcase classname="io.cucumber.testng.AbstractTestNGCucumberTests" name="runScenario" time="1.66"/>
</testsuite> <!-- Test -->
